{"name": "test_backStageActCreate", "status": "broken", "statusDetails": {"message": "selenium.common.exceptions.TimeoutException: Message:", "trace": "@pytest.mark.run(order=5)\n    @allure.severity(\"blocker\")\n    @allure.description(\"http://10.10.128.152:10052/#/authority/mechanism åå°æœºæ„åˆ›å»º\")\n    @allure.testcase(\"http://10.10.128.152:10052/#/authority/mechanism\", \"åå°æœºæ„åˆ›å»º ğŸ‘‡\")\n    def test_backStageActCreate():\n        def_name = sys._getframe().f_code.co_name\n        logger.info(\"å¼€å§‹æ‰§è¡Œè„šæœ¬%s:\\n\", def_name)\n    \n        driver = webdriver.Chrome()\n        driver.maximize_window()\n        driver.get(url_back)\n    \n        # ç™»é™†é¡µé¢\n>       backStageLogin(driver, act, pwd, 0)\n\ntest_flow\\test_Authentication\\test_backStage_authentication.py:162: \n_ _ _ _ _ _ _ _ _ _ _ _ _ _ _ _ _ _ _ _ _ _ _ _ _ _ _ _ _ _ _ _ _ _ _ _ _ _ _ _\ntest_flow\\test_Authentication\\test_backStage_examine.py:70: in backStageLogin\n    waitUntilDisplay(driver, path_backstage_examine.txt_backstage_css.value)\ncommon\\BaseFunction.py:13: in waitUntilDisplay\n    WebDriverWait(driver, 30).until(EC.visibility_of_element_located((By.CSS_SELECTOR, ByCss)))\n_ _ _ _ _ _ _ _ _ _ _ _ _ _ _ _ _ _ _ _ _ _ _ _ _ _ _ _ _ _ _ _ _ _ _ _ _ _ _ _\n\nself = <selenium.webdriver.support.wait.WebDriverWait (session=\"5553694ef7b43691bacb86158c264951\")>\nmethod = <selenium.webdriver.support.expected_conditions.visibility_of_element_located object at 0x0000025D93C35880>\nmessage = ''\n\n    def until(self, method, message=''):\n        \"\"\"Calls the method provided with the driver as an argument until the \\\n        return value is not False.\"\"\"\n        screen = None\n        stacktrace = None\n    \n        end_time = time.time() + self._timeout\n        while True:\n            try:\n                value = method(self._driver)\n                if value:\n                    return value\n            except self._ignored_exceptions as exc:\n                screen = getattr(exc, 'screen', None)\n                stacktrace = getattr(exc, 'stacktrace', None)\n            time.sleep(self._poll)\n            if time.time() > end_time:\n                break\n>       raise TimeoutException(message, screen, stacktrace)\nE       selenium.common.exceptions.TimeoutException: Message:\n\n..\\venv\\lib\\site-packages\\selenium\\webdriver\\support\\wait.py:80: TimeoutException"}, "description": "http://10.10.128.152:10052/#/authority/mechanism åå°æœºæ„åˆ›å»º", "attachments": [{"name": "log", "source": "a77a5526-c686-4b70-b266-f78888f61338-attachment.txt", "type": "text/plain"}, {"name": "stderr", "source": "7bc6d650-1b68-45d7-be94-d7f367fd0a08-attachment.txt", "type": "text/plain"}], "start": 1600135653591, "stop": 1600135693726, "uuid": "2a6b4138-d506-4ce4-b860-2e341065c3c9", "historyId": "d85ebd52118862a52004a5c4faaac530", "testCaseId": "a31d114e539ddd68bc16811c7dd64910", "fullName": "test_flow.test_Authentication.test_backStage_authentication#test_backStageActCreate", "labels": [{"name": "severity", "value": "blocker"}, {"name": "tag", "value": "run(order=5)"}, {"name": "parentSuite", "value": "test_flow.test_Authentication"}, {"name": "suite", "value": "test_backStage_authentication"}, {"name": "host", "value": "A02-03-00033"}, {"name": "thread", "value": "17412-MainThread"}, {"name": "framework", "value": "pytest"}, {"name": "language", "value": "cpython3"}, {"name": "package", "value": "test_flow.test_Authentication.test_backStage_authentication"}], "links": [{"type": "test_case", "url": "http://10.10.128.152:10052/#/authority/mechanism", "name": "åå°æœºæ„åˆ›å»º ğŸ‘‡"}]}