{"name": "test_backstage_examine", "status": "broken", "statusDetails": {"message": "selenium.common.exceptions.TimeoutException: Message:", "trace": "@pytest.mark.run(order=4)\n    @allure.severity(\"blocker\")\n    @allure.description(\"http://10.10.128.152:10052/#/enterprise/list ‰ºÅ‰∏öÂÆ°Ê†∏\")\n    @allure.testcase(\"http://10.10.128.152:10052/#/enterprise/list\", \"‰ºÅ‰∏öÂÆ°Ê†∏ üëá\")\n    def test_backstage_examine():\n        def_name = sys._getframe().f_code.co_name\n        test_Assert = Assert.Assertions(def_name)\n        logger.info(\"ÂºÄÂßãÊâßË°åËÑöÊú¨%s:\\n\", def_name)\n    \n        driver = webdriver.Chrome()\n        driver.maximize_window()\n        driver.get(url_back)\n    \n        act = yamldict['test_backStageUserList']['company_user']\n        pwd = yamldict['test_backStageUserList']['company_user_pass']\n    \n        # ÁôªÈôÜÈ°µÈù¢\n>       backStageLogin(driver, act, pwd, 0)\n\ntest_flow\\test_Authentication\\test_backStage_examine.py:34: \n_ _ _ _ _ _ _ _ _ _ _ _ _ _ _ _ _ _ _ _ _ _ _ _ _ _ _ _ _ _ _ _ _ _ _ _ _ _ _ _\ntest_flow\\test_Authentication\\test_backStage_examine.py:70: in backStageLogin\n    waitUntilDisplay(driver, path_backstage_examine.txt_backstage_css.value)\ncommon\\BaseFunction.py:13: in waitUntilDisplay\n    WebDriverWait(driver, 30).until(EC.visibility_of_element_located((By.CSS_SELECTOR, ByCss)))\n_ _ _ _ _ _ _ _ _ _ _ _ _ _ _ _ _ _ _ _ _ _ _ _ _ _ _ _ _ _ _ _ _ _ _ _ _ _ _ _\n\nself = <selenium.webdriver.support.wait.WebDriverWait (session=\"ae32fdbb093392bb4707d92e0bb60800\")>\nmethod = <selenium.webdriver.support.expected_conditions.visibility_of_element_located object at 0x0000025D93C35A60>\nmessage = ''\n\n    def until(self, method, message=''):\n        \"\"\"Calls the method provided with the driver as an argument until the \\\n        return value is not False.\"\"\"\n        screen = None\n        stacktrace = None\n    \n        end_time = time.time() + self._timeout\n        while True:\n            try:\n                value = method(self._driver)\n                if value:\n                    return value\n            except self._ignored_exceptions as exc:\n                screen = getattr(exc, 'screen', None)\n                stacktrace = getattr(exc, 'stacktrace', None)\n            time.sleep(self._poll)\n            if time.time() > end_time:\n                break\n>       raise TimeoutException(message, screen, stacktrace)\nE       selenium.common.exceptions.TimeoutException: Message:\n\n..\\venv\\lib\\site-packages\\selenium\\webdriver\\support\\wait.py:80: TimeoutException"}, "description": "http://10.10.128.152:10052/#/enterprise/list ‰ºÅ‰∏öÂÆ°Ê†∏", "attachments": [{"name": "log", "source": "7e4d8eb5-4f0f-4a2f-8843-4e31e3ec9bb2-attachment.txt", "type": "text/plain"}, {"name": "stderr", "source": "b531af8d-ff41-428a-930b-6cc52ddf54fc-attachment.txt", "type": "text/plain"}], "start": 1600135612749, "stop": 1600135653474, "uuid": "8eebf3f0-e495-46b3-b8c5-dbdc83e5997f", "historyId": "fa363551da3b313dda3c470cf52ad218", "testCaseId": "5cdc56bcdc5a2191093e1c1639a399e3", "fullName": "test_flow.test_Authentication.test_backStage_examine#test_backstage_examine", "labels": [{"name": "severity", "value": "blocker"}, {"name": "tag", "value": "run(order=4)"}, {"name": "parentSuite", "value": "test_flow.test_Authentication"}, {"name": "suite", "value": "test_backStage_examine"}, {"name": "host", "value": "A02-03-00033"}, {"name": "thread", "value": "17412-MainThread"}, {"name": "framework", "value": "pytest"}, {"name": "language", "value": "cpython3"}, {"name": "package", "value": "test_flow.test_Authentication.test_backStage_examine"}], "links": [{"type": "test_case", "url": "http://10.10.128.152:10052/#/enterprise/list", "name": "‰ºÅ‰∏öÂÆ°Ê†∏ üëá"}]}