{"name": "test_infoReg", "status": "broken", "statusDetails": {"message": "selenium.common.exceptions.TimeoutException: Message:", "trace": "@pytest.mark.run(order=2)\n    @allure.severity(\"blocker\")\n    @allure.description(\"æµ‹è¯• http://10.10.128.152:10053/personal/set/certification ä¸ªäººå®åè®¤è¯\")\n    @allure.testcase(\"http://10.10.128.152:10053/personal/set/certification\", \"ä¸ªäººå®åè®¤è¯ ğŸ‘‡\")\n    def test_infoReg():\n    \n        def_name = sys._getframe().f_code.co_name\n        test_Assert = Assert.Assertions(def_name)\n        logger.info(\"å¼€å§‹æ‰§è¡Œè„šæœ¬%s:\\n\", def_name)\n    \n        # å¯¹ä¸ªäººä¿¡æ¯ä¼ä¸šä¿¡æ¯è¿›è¡Œåˆ é™¤æ“ä½œ\n        deletePerInforAndComInfor()\n        logger.info(\"å¯¹ä¸ªäººä¿¡æ¯ä¼ä¸šä¿¡æ¯è¿›è¡Œåˆ é™¤æ“ä½œ\")\n    \n        driver = webdriver.Chrome()\n        driver.maximize_window()\n        driver.get(\"http://10.10.128.152:10053/user/login\")\n    \n        # ç™»é™†é¡µé¢\n        login(driver)\n    \n>       waitUntilDisplay(driver, loginOn.link_home_css.value)\n\ntest_flow\\test_Authentication\\test_personalInfoReg.py:45: \n_ _ _ _ _ _ _ _ _ _ _ _ _ _ _ _ _ _ _ _ _ _ _ _ _ _ _ _ _ _ _ _ _ _ _ _ _ _ _ _\ncommon\\BaseFunction.py:10: in waitUntilDisplay\n    WebDriverWait(driver, 20).until(EC.invisibility_of_element_located((By.CSS_SELECTOR, ByCss)))\n_ _ _ _ _ _ _ _ _ _ _ _ _ _ _ _ _ _ _ _ _ _ _ _ _ _ _ _ _ _ _ _ _ _ _ _ _ _ _ _\n\nself = <selenium.webdriver.support.wait.WebDriverWait (session=\"aa218ec08fc03850e4ea684c7c8a0a27\")>\nmethod = <selenium.webdriver.support.expected_conditions.invisibility_of_element_located object at 0x000001C2D88DECD0>\nmessage = ''\n\n    def until(self, method, message=''):\n        \"\"\"Calls the method provided with the driver as an argument until the \\\n        return value is not False.\"\"\"\n        screen = None\n        stacktrace = None\n    \n        end_time = time.time() + self._timeout\n        while True:\n            try:\n                value = method(self._driver)\n                if value:\n                    return value\n            except self._ignored_exceptions as exc:\n                screen = getattr(exc, 'screen', None)\n                stacktrace = getattr(exc, 'stacktrace', None)\n            time.sleep(self._poll)\n            if time.time() > end_time:\n                break\n>       raise TimeoutException(message, screen, stacktrace)\nE       selenium.common.exceptions.TimeoutException: Message:\n\n..\\venv\\lib\\site-packages\\selenium\\webdriver\\support\\wait.py:80: TimeoutException"}, "description": "æµ‹è¯• http://10.10.128.152:10053/personal/set/certification ä¸ªäººå®åè®¤è¯", "attachments": [{"name": "log", "source": "f3c078dd-42f7-47d6-ac06-2bccd214ead3-attachment.txt", "type": "text/plain"}, {"name": "stdout", "source": "818a6b59-8ca3-465b-814b-86e98321a8ea-attachment.txt", "type": "text/plain"}, {"name": "stderr", "source": "3a8d32ed-8bd0-4c0f-92c7-23ee96aa29b9-attachment.txt", "type": "text/plain"}], "start": 1596781731497, "stop": 1596781762267, "uuid": "1035c8e3-d844-4346-939f-9dde9a35f3c3", "historyId": "28dda5313ff182aeade3becf47df4372", "testCaseId": "9cbf013f05cb6ad37536fb98be3bcb37", "fullName": "test_flow.test_Authentication.test_personalInfoReg#test_infoReg", "labels": [{"name": "severity", "value": "blocker"}, {"name": "tag", "value": "run(order=2)"}, {"name": "parentSuite", "value": "test_flow.test_Authentication"}, {"name": "suite", "value": "test_personalInfoReg"}, {"name": "host", "value": "A02-03-00033"}, {"name": "thread", "value": "7392-MainThread"}, {"name": "framework", "value": "pytest"}, {"name": "language", "value": "cpython3"}, {"name": "package", "value": "test_flow.test_Authentication.test_personalInfoReg"}], "links": [{"type": "test_case", "url": "http://10.10.128.152:10053/personal/set/certification", "name": "ä¸ªäººå®åè®¤è¯ ğŸ‘‡"}]}