{"name": "test_companyPassForget", "status": "failed", "statusDetails": {"message": "AssertionError", "trace": "@pytest.mark.run(order=2)\n    @allure.severity(\"blocker\")\n    @allure.description(\"æµ‹è¯• http://10.10.128.152:10053/user/forget ä¸­å°å¾®ä¼ä¸šå¯†ç ä¿®æ”¹æµç¨‹\")\n    @allure.testcase(\"http://10.10.128.152:10053/user/forget\", \"å¯†ç ä¿®æ”¹ ğŸ‘‡\")\n    def test_companyPassForget():\n        def_name = sys._getframe().f_code.co_name\n        test_Assert = Assert.Assertions(def_name)\n        logger.info(\"å¼€å§‹æ‰§è¡Œè„šæœ¬%s:\\n\", def_name)\n    \n        driver = webdriver.Chrome()\n        driver.maximize_window()\n        driver.get(\"http://10.10.128.152:10053/user/forget\")\n    \n        driver.find_element_by_css_selector(loginOn.input_actForget_css.value).send_keys(act)\n        driver.find_element_by_css_selector(loginOn.input_codeForget_css.value).send_keys(' ')\n        waitUntilClick(driver, loginOn.btn_phoneCodeForget_css.value)\n        sleep(2)\n        driver.find_element_by_css_selector(loginOn.btn_phoneCodeForget_css.value).click()\n        sleep(10)\n        message = getPhoneMessage().get(\"forgeMes\")\n        driver.find_element_by_css_selector(loginOn.input_phoneCodeForget_css.value).send_keys(message.strip().strip('\"'))\n    \n        # å¯†ç é‡ç½®é¡µé¢\n        waitUntilClick(driver, loginOn.btn_next_css.value)\n        driver.find_element_by_css_selector(loginOn.btn_next_css.value).click()\n        waitUntilDisplay(driver, loginOn.txt_pwd_css.value)\n        textAct = driver.find_element_by_css_selector(loginOn.txt_pwd_css.value).text\n>       test_Assert.assert_text_ui(textAct, 'é‡ç½®å¯†ç ')\n\ntest_flow\\test_Authentication\\test_login.py:109: \n_ _ _ _ _ _ _ _ _ _ _ _ _ _ _ _ _ _ _ _ _ _ _ _ _ _ _ _ _ _ _ _ _ _ _ _ _ _ _ _\n\nself = <common.Assert.Assertions object at 0x00000279ACAEEC70>\nactul_result = 'å®‰å…¨éªŒè¯', except_result = 'é‡ç½®å¯†ç '\n\n    def assert_text_ui(self, actul_result, except_result):\n        \"\"\"\n        éªŒè¯UIè‡ªåŠ¨åŒ–å®é™…å€¼å’ŒæœŸå¾…å€¼æ˜¯å¦ç›¸åŒ\n        :param except_result:\n        :param actul_result:\n        \"\"\"\n        try:\n>           assert actul_result == except_result\nE           AssertionError\n\ncommon\\Assert.py:122: AssertionError"}, "description": "æµ‹è¯• http://10.10.128.152:10053/user/forget ä¸­å°å¾®ä¼ä¸šå¯†ç ä¿®æ”¹æµç¨‹", "attachments": [{"name": "log", "source": "8f71ed52-b381-4d3b-9336-e9ca19c2c901-attachment.txt", "type": "text/plain"}, {"name": "stdout", "source": "3d0b3f13-ddd0-4509-9f3c-daf69f770572-attachment.txt", "type": "text/plain"}, {"name": "stderr", "source": "fa3ed0be-ed06-4410-b6a3-8be6e4c14550-attachment.txt", "type": "text/plain"}], "start": 1596708892805, "stop": 1596708915077, "uuid": "88957f94-93b9-490d-bd4f-bff9a8829935", "historyId": "acb9067300dee3cf493bfb42da37b2a5", "testCaseId": "a8971fb278bb1d68af7eaba0f3792b65", "fullName": "test_flow.test_Authentication.test_login#test_companyPassForget", "labels": [{"name": "severity", "value": "blocker"}, {"name": "tag", "value": "run(order=2)"}, {"name": "parentSuite", "value": "test_flow.test_Authentication"}, {"name": "suite", "value": "test_login"}, {"name": "host", "value": "A02-03-00033"}, {"name": "thread", "value": "19048-MainThread"}, {"name": "framework", "value": "pytest"}, {"name": "language", "value": "cpython3"}, {"name": "package", "value": "test_flow.test_Authentication.test_login"}], "links": [{"type": "test_case", "url": "http://10.10.128.152:10053/user/forget", "name": "å¯†ç ä¿®æ”¹ ğŸ‘‡"}]}