{"name": "test_Tripartite_interaction", "status": "broken", "statusDetails": {"message": "selenium.common.exceptions.WebDriverException: Message: chrome not reachable\n  (Session info: chrome=74.0.3729.108)\n  (Driver info: chromedriver=74.0.3729.6 (255758eccf3d244491b8a1317aa76e1ce10d57e9-refs/branch-heads/3729@{#29}),platform=Windows NT 10.0.18363 x86_64)", "trace": "@pytest.mark.run(order=-1)\n    @allure.severity(\"blocker\")\n    @allure.description(\"ÊµãËØï http://10.10.128.152:10052/#/account/login ‰∏âÊñπÔºà‰ºÅ‰∏öÔºåÈì∂Ë°åÔºåÂâçÁ´ØÔºâ‰∫§‰∫í\")\n    @allure.testcase(\"http://10.10.128.152:10052/#/account/login\", \"‰∏âÊñπÔºà‰ºÅ‰∏öÔºåÈì∂Ë°åÔºåÂâçÁ´ØÔºâ‰∫§‰∫í üëá\")\n    def test_Tripartite_interaction():\n        def_name = sys._getframe().f_code.co_name\n        logger.info(\"ÂºÄÂßãÊâßË°åËÑöÊú¨%s:\\n\", def_name)\n    \n        # ÂâçÁ´ØË¥¶Êà∑Êéà‰ø°Áî≥ËØ∑\n        if runMode == 'UI':\n            if jenkins:\n                option = webdriver.ChromeOptions()\n                option.add_argument('headless')  # ÊµèËßàÂô®‰∏çÊèê‰æõÂèØËßÜÂåñÈ°µÈù¢\n                option.add_argument('no-sandbox')  # ‰ª•ÊúÄÈ´òÊùÉÈôêËøêË°å\n                option.add_argument('--start-maximized')  # ÊúÄÂ§ßÂåñËøêË°åÔºàÂÖ®Â±èÁ™óÂè£ÔºâËÆæÁΩÆÂÖÉÁ¥†ÂÆö‰ΩçÊØîËæÉÂáÜÁ°Æ\n                option.add_argument('--disable-gpu')  # Ë∞∑Ê≠åÊñáÊ°£ÊèêÂà∞ÈúÄË¶ÅÂä†‰∏äËøô‰∏™Â±ûÊÄßÊù•ËßÑÈÅøbug\n                option.add_argument('--window-size=1920,1080') # ËÆæÁΩÆÊµèËßàÂô®ÂàÜËæ®ÁéáÔºàÁ™óÂè£Â§ßÂ∞èÔºâ\n                driver_forward = webdriver.Chrome(options=option)\n            else:\n                driver_forward = webdriver.Chrome(executable_path=driverPath)\n            driver_forward.maximize_window()\n            driver_forward.get(url_forward)\n            logger.info('ÂâçÁ´ØË¥¶Êà∑ÁôªÂΩïÊéà‰ø°Áî≥ËØ∑')\n            login(driver_forward)\n            sleep(2)\n>           creditExtension(driver_forward)\n\ntest_flow\\test_Tripartite_interaction\\test_Tripartite_interaction.py:163: \n_ _ _ _ _ _ _ _ _ _ _ _ _ _ _ _ _ _ _ _ _ _ _ _ _ _ _ _ _ _ _ _ _ _ _ _ _ _ _ _\ntest_flow\\test_Tripartite_interaction\\test_Tripartite_interaction.py:388: in creditExtension\n    waitUntilClick_xpath(driver_forward, path)\ncommon\\BaseFunction.py:52: in waitUntilClick_xpath\n    WebDriverWait(driver, 30).until(EC.element_to_be_clickable((By.XPATH, ByXpath)))\n..\\..\\..\\AppData\\Local\\Programs\\Python\\Python36\\lib\\site-packages\\selenium\\webdriver\\support\\wait.py:71: in until\n    value = method(self._driver)\n..\\..\\..\\AppData\\Local\\Programs\\Python\\Python36\\lib\\site-packages\\selenium\\webdriver\\support\\expected_conditions.py:297: in __call__\n    element = visibility_of_element_located(self.locator)(driver)\n..\\..\\..\\AppData\\Local\\Programs\\Python\\Python36\\lib\\site-packages\\selenium\\webdriver\\support\\expected_conditions.py:128: in __call__\n    return _element_if_visible(_find_element(driver, self.locator))\n..\\..\\..\\AppData\\Local\\Programs\\Python\\Python36\\lib\\site-packages\\selenium\\webdriver\\support\\expected_conditions.py:415: in _find_element\n    raise e\n..\\..\\..\\AppData\\Local\\Programs\\Python\\Python36\\lib\\site-packages\\selenium\\webdriver\\support\\expected_conditions.py:411: in _find_element\n    return driver.find_element(*by)\n..\\..\\..\\AppData\\Local\\Programs\\Python\\Python36\\lib\\site-packages\\selenium\\webdriver\\remote\\webdriver.py:978: in find_element\n    'value': value})['value']\n..\\..\\..\\AppData\\Local\\Programs\\Python\\Python36\\lib\\site-packages\\selenium\\webdriver\\remote\\webdriver.py:321: in execute\n    self.error_handler.check_response(response)\n_ _ _ _ _ _ _ _ _ _ _ _ _ _ _ _ _ _ _ _ _ _ _ _ _ _ _ _ _ _ _ _ _ _ _ _ _ _ _ _\n\nself = <selenium.webdriver.remote.errorhandler.ErrorHandler object at 0x000001E4FEF6BCC0>\nresponse = {'sessionId': '97c7d8ed2a33e5901527067ae1351cfc', 'status': 100, 'value': {'message': 'chrome not reachable\\n  (Sessio...729.6 (255758eccf3d244491b8a1317aa76e1ce10d57e9-refs/branch-heads/3729@{#29}),platform=Windows NT 10.0.18363 x86_64)'}}\n\n    def check_response(self, response):\n        \"\"\"\n        Checks that a JSON response from the WebDriver does not have an error.\n    \n        :Args:\n         - response - The JSON response from the WebDriver server as a dictionary\n           object.\n    \n        :Raises: If the response contains an error message.\n        \"\"\"\n        status = response.get('status', None)\n        if status is None or status == ErrorCode.SUCCESS:\n            return\n        value = None\n        message = response.get(\"message\", \"\")\n        screen = response.get(\"screen\", \"\")\n        stacktrace = None\n        if isinstance(status, int):\n            value_json = response.get('value', None)\n            if value_json and isinstance(value_json, basestring):\n                import json\n                try:\n                    value = json.loads(value_json)\n                    if len(value.keys()) == 1:\n                        value = value['value']\n                    status = value.get('error', None)\n                    if status is None:\n                        status = value[\"status\"]\n                        message = value[\"value\"]\n                        if not isinstance(message, basestring):\n                            value = message\n                            message = message.get('message')\n                    else:\n                        message = value.get('message', None)\n                except ValueError:\n                    pass\n    \n        exception_class = ErrorInResponseException\n        if status in ErrorCode.NO_SUCH_ELEMENT:\n            exception_class = NoSuchElementException\n        elif status in ErrorCode.NO_SUCH_FRAME:\n            exception_class = NoSuchFrameException\n        elif status in ErrorCode.NO_SUCH_WINDOW:\n            exception_class = NoSuchWindowException\n        elif status in ErrorCode.STALE_ELEMENT_REFERENCE:\n            exception_class = StaleElementReferenceException\n        elif status in ErrorCode.ELEMENT_NOT_VISIBLE:\n            exception_class = ElementNotVisibleException\n        elif status in ErrorCode.INVALID_ELEMENT_STATE:\n            exception_class = InvalidElementStateException\n        elif status in ErrorCode.INVALID_SELECTOR \\\n                or status in ErrorCode.INVALID_XPATH_SELECTOR \\\n                or status in ErrorCode.INVALID_XPATH_SELECTOR_RETURN_TYPER:\n            exception_class = InvalidSelectorException\n        elif status in ErrorCode.ELEMENT_IS_NOT_SELECTABLE:\n            exception_class = ElementNotSelectableException\n        elif status in ErrorCode.ELEMENT_NOT_INTERACTABLE:\n            exception_class = ElementNotInteractableException\n        elif status in ErrorCode.INVALID_COOKIE_DOMAIN:\n            exception_class = InvalidCookieDomainException\n        elif status in ErrorCode.UNABLE_TO_SET_COOKIE:\n            exception_class = UnableToSetCookieException\n        elif status in ErrorCode.TIMEOUT:\n            exception_class = TimeoutException\n        elif status in ErrorCode.SCRIPT_TIMEOUT:\n            exception_class = TimeoutException\n        elif status in ErrorCode.UNKNOWN_ERROR:\n            exception_class = WebDriverException\n        elif status in ErrorCode.UNEXPECTED_ALERT_OPEN:\n            exception_class = UnexpectedAlertPresentException\n        elif status in ErrorCode.NO_ALERT_OPEN:\n            exception_class = NoAlertPresentException\n        elif status in ErrorCode.IME_NOT_AVAILABLE:\n            exception_class = ImeNotAvailableException\n        elif status in ErrorCode.IME_ENGINE_ACTIVATION_FAILED:\n            exception_class = ImeActivationFailedException\n        elif status in ErrorCode.MOVE_TARGET_OUT_OF_BOUNDS:\n            exception_class = MoveTargetOutOfBoundsException\n        elif status in ErrorCode.JAVASCRIPT_ERROR:\n            exception_class = JavascriptException\n        elif status in ErrorCode.SESSION_NOT_CREATED:\n            exception_class = SessionNotCreatedException\n        elif status in ErrorCode.INVALID_ARGUMENT:\n            exception_class = InvalidArgumentException\n        elif status in ErrorCode.NO_SUCH_COOKIE:\n            exception_class = NoSuchCookieException\n        elif status in ErrorCode.UNABLE_TO_CAPTURE_SCREEN:\n            exception_class = ScreenshotException\n        elif status in ErrorCode.ELEMENT_CLICK_INTERCEPTED:\n            exception_class = ElementClickInterceptedException\n        elif status in ErrorCode.INSECURE_CERTIFICATE:\n            exception_class = InsecureCertificateException\n        elif status in ErrorCode.INVALID_COORDINATES:\n            exception_class = InvalidCoordinatesException\n        elif status in ErrorCode.INVALID_SESSION_ID:\n            exception_class = InvalidSessionIdException\n        elif status in ErrorCode.UNKNOWN_METHOD:\n            exception_class = UnknownMethodException\n        else:\n            exception_class = WebDriverException\n        if value == '' or value is None:\n            value = response['value']\n        if isinstance(value, basestring):\n            if exception_class == ErrorInResponseException:\n                raise exception_class(response, value)\n            raise exception_class(value)\n        if message == \"\" and 'message' in value:\n            message = value['message']\n    \n        screen = None\n        if 'screen' in value:\n            screen = value['screen']\n    \n        stacktrace = None\n        if 'stackTrace' in value and value['stackTrace']:\n            stacktrace = []\n            try:\n                for frame in value['stackTrace']:\n                    line = self._value_or_default(frame, 'lineNumber', '')\n                    file = self._value_or_default(frame, 'fileName', '<anonymous>')\n                    if line:\n                        file = \"%s:%s\" % (file, line)\n                    meth = self._value_or_default(frame, 'methodName', '<anonymous>')\n                    if 'className' in frame:\n                        meth = \"%s.%s\" % (frame['className'], meth)\n                    msg = \"    at %s (%s)\"\n                    msg = msg % (meth, file)\n                    stacktrace.append(msg)\n            except TypeError:\n                pass\n        if exception_class == ErrorInResponseException:\n            raise exception_class(response, message)\n        elif exception_class == UnexpectedAlertPresentException:\n            alert_text = None\n            if 'data' in value:\n                alert_text = value['data'].get('text')\n            elif 'alert' in value:\n                alert_text = value['alert'].get('text')\n            raise exception_class(message, screen, stacktrace, alert_text)\n>       raise exception_class(message, screen, stacktrace)\nE       selenium.common.exceptions.WebDriverException: Message: chrome not reachable\nE         (Session info: chrome=74.0.3729.108)\nE         (Driver info: chromedriver=74.0.3729.6 (255758eccf3d244491b8a1317aa76e1ce10d57e9-refs/branch-heads/3729@{#29}),platform=Windows NT 10.0.18363 x86_64)\n\n..\\..\\..\\AppData\\Local\\Programs\\Python\\Python36\\lib\\site-packages\\selenium\\webdriver\\remote\\errorhandler.py:242: WebDriverException"}, "description": "ÊµãËØï http://10.10.128.152:10052/#/account/login ‰∏âÊñπÔºà‰ºÅ‰∏öÔºåÈì∂Ë°åÔºåÂâçÁ´ØÔºâ‰∫§‰∫í", "attachments": [{"name": "log", "source": "9f4c1cf8-6bcf-46ae-8685-65989fc7c07c-attachment.txt", "type": "text/plain"}, {"name": "stderr", "source": "0ba382c4-999e-424b-8ac5-b5107a42e43a-attachment.txt", "type": "text/plain"}], "start": 1608085741975, "stop": 1608085775167, "uuid": "a5dc176b-22d7-49ae-bac8-7a7ba62e5bf3", "historyId": "d91e7b4392163e0b46289a9f8b97b16c", "testCaseId": "ff94b3cb02e8ba4f94c9f712dc0dd88c", "fullName": "test_flow.test_Tripartite_interaction.test_Tripartite_interaction#test_Tripartite_interaction", "labels": [{"name": "severity", "value": "blocker"}, {"name": "tag", "value": "run(order=-1)"}, {"name": "parentSuite", "value": "test_flow.test_Tripartite_interaction"}, {"name": "suite", "value": "test_Tripartite_interaction"}, {"name": "host", "value": "A02-03-00033"}, {"name": "thread", "value": "2436-MainThread"}, {"name": "framework", "value": "pytest"}, {"name": "language", "value": "cpython3"}, {"name": "package", "value": "test_flow.test_Tripartite_interaction.test_Tripartite_interaction"}], "links": [{"type": "test_case", "url": "http://10.10.128.152:10052/#/account/login", "name": "‰∏âÊñπÔºà‰ºÅ‰∏öÔºåÈì∂Ë°åÔºåÂâçÁ´ØÔºâ‰∫§‰∫í üëá"}]}