{"name": "test_Tripartite_interaction", "status": "broken", "statusDetails": {"message": "selenium.common.exceptions.NoSuchElementException: Message: no such element: Unable to locate element: {\"method\":\"css selector\",\"selector\":\"body > div:nth-child(7) > div > div > div > div:nth-child(2) > div > div\"}\n  (Session info: chrome=74.0.3729.108)\n  (Driver info: chromedriver=74.0.3729.6 (255758eccf3d244491b8a1317aa76e1ce10d57e9-refs/branch-heads/3729@{#29}),platform=Windows NT 10.0.18362 x86_64)", "trace": "@pytest.mark.run(order=-1)\n    @allure.severity(\"blocker\")\n    @allure.description(\"ÊµãËØï http://10.10.128.152:10052/#/account/login ‰∏âÊñπÔºà‰ºÅ‰∏öÔºåÈì∂Ë°åÔºåÂâçÁ´ØÔºâ‰∫§‰∫í\")\n    @allure.testcase(\"http://10.10.128.152:10052/#/account/login\", \"‰∏âÊñπÔºà‰ºÅ‰∏öÔºåÈì∂Ë°åÔºåÂâçÁ´ØÔºâ‰∫§‰∫í üëá\")\n    def test_Tripartite_interaction():\n        def_name = sys._getframe().f_code.co_name\n        logger.info(\"ÂºÄÂßãÊâßË°åËÑöÊú¨%s:\\n\", def_name)\n    \n        # ÂâçÁ´ØË¥¶Êà∑Êéà‰ø°Áî≥ËØ∑\n        if runMode == 'UI':\n            driver_forward = webdriver.Chrome()\n            driver_forward.maximize_window()\n            driver_forward.get(url_forward)\n            logger.info('ÂâçÁ´ØË¥¶Êà∑ÁôªÂΩïÊéà‰ø°Áî≥ËØ∑')\n            login(driver_forward)\n            sleep(2)\n            creditExtension(driver_forward)\n        else:\n            waiteForClick(mobileDriver(text='È¶ñÈ°µ'))\n            waiteForClick(mobileDriver(text='Á´ãÂç≥Áî≥ËØ∑'))\n            el = mobileDriver(text='È¶ñÈ°µ', name='android.view.View', type='android.view.View')\n            dragUntilTextAppear(el, '‰∫ßÂìÅÊúçÂä°', product_name)\n            waiteForClick(mobileDriver(text=product_name))\n            waiteForClick(mobileDriver(text='Á´ãÂç≥Áî≥ËØ∑'))\n    \n            logger.info('Êéà‰ø°ÈááË¥≠‰ø°ÊÅØÁîªÈù¢')\n            waiteForClick(mobileDriver(text='ËØ∑ËæìÂÖ•Èì∂Ë°åË¥¶Âè∑'))\n            text('123456789012')\n            mobileDriver(text='ÂàÜÊîØË°å').click()\n            waiteForClick(mobileDriver(text='ËØ∑ÈÄâÊã©È°πÁõÆ'))\n            waiteForClick(mobileDriver(text='ËØ∑ËæìÂÖ•È°πÁõÆÂêçÁß∞').parent().parent().parent().child()[2])\n            waiteForClick(mobileDriver(text='‰∏ã‰∏ÄÊ≠•'))\n    \n            logger.info('Êéà‰ø°Âü∫Êú¨ËµÑÊñôÈ°µÈù¢')\n            waiteForClick(mobileDriver(text='‰∏ã‰∏ÄÊ≠•'))\n    \n            logger.info('Êéà‰ø°È°µÈù¢')\n            mobileDriver(text='‰ºÅ‰∏öÁªèËê•Âú∫ÊâÄÁÖßÁâá').drag_to(mobileDriver(text='‰∏öÂä°Áî≥ËØ∑'), 0.5)\n            mobileDriver(text='‰ºÅ‰∏öÂæÅ‰ø°').drag_to(mobileDriver(text='‰∏öÂä°Áî≥ËØ∑'), 0.5)\n            mobileDriver(text='Ë¥¢Âä°ËØÅÊòéËµÑÊñô').drag_to(mobileDriver(text='‰∏öÂä°Áî≥ËØ∑'), 0.5)\n            waiteForClick(mobileDriver(text='ÊàëÂ∑≤ÈòÖËØªÂπ∂ÂêåÊÑèÊèê‰∫§ËµÑÊñô', type='android.widget.CheckBox').child().child())\n            waiteForClick(mobileDriver(text='Êèê‰∫§Êéà‰ø°'))\n            # Ê¥ª‰ΩìËÆ§ËØÅÊ¨∫ËØàÊÄßÊ†°È™å\n            getVerification()\n            waiteForClick(mobileDriver(name='com.tencent.mm:id/dc'))\n            waiteForClick(mobileDriver(name='com.tencent.mm:id/dc'))\n            logger.info('Êéà‰ø°ÂÆåÊàêÈ°µÈù¢')\n    \n        # Èì∂Ë°åÊéà‰ø°ÂÆ°Ê†∏\n        driver_bank = webdriver.Chrome()\n        driver_bank.maximize_window()\n        driver_bank.get(url_back)\n        logger.info('Èì∂Ë°åÊéà‰ø°ÂÆ°Ê†∏')\n        backStageLogin(driver_bank, company_bank, company_bank_pass, 0)\n        CreditAudit_Bank(driver_bank)\n    \n        # ÊãÖ‰øùÂÖ¨Âè∏ÂÆ°Ê†∏\n        driver_risk = webdriver.Chrome()\n        driver_risk.maximize_window()\n        driver_risk.get(url_back)\n        logger.info('ÊãÖ‰øùÂÖ¨Âè∏ÂÆ°Ê†∏')\n        backStageLogin(driver_risk, company_Guarantee, company_Guarantee_pass, 0)\n        CreditAudit_Risk(driver_risk)\n    \n        # ÂÄüÊ¨æÁî≥ËØ∑\n        if runMode == 'UI':\n>           loanApply(driver_forward)\n\ntest_flow\\test_Tripartite_interaction\\test_Tripartite_interaction.py:203: \n_ _ _ _ _ _ _ _ _ _ _ _ _ _ _ _ _ _ _ _ _ _ _ _ _ _ _ _ _ _ _ _ _ _ _ _ _ _ _ _\ntest_flow\\test_Tripartite_interaction\\test_Tripartite_interaction.py:393: in loanApply\n    productChoose(driver_forward)\ntest_flow\\test_Tripartite_interaction\\test_Tripartite_interaction.py:531: in productChoose\n    el2 = driver_forward.find_element_by_css_selector(path_Tripartite_interaction.select_productNameList_css.value)\n..\\..\\..\\AppData\\Local\\Programs\\Python\\Python36\\lib\\site-packages\\selenium\\webdriver\\remote\\webdriver.py:598: in find_element_by_css_selector\n    return self.find_element(by=By.CSS_SELECTOR, value=css_selector)\n..\\..\\..\\AppData\\Local\\Programs\\Python\\Python36\\lib\\site-packages\\selenium\\webdriver\\remote\\webdriver.py:978: in find_element\n    'value': value})['value']\n..\\..\\..\\AppData\\Local\\Programs\\Python\\Python36\\lib\\site-packages\\selenium\\webdriver\\remote\\webdriver.py:321: in execute\n    self.error_handler.check_response(response)\n_ _ _ _ _ _ _ _ _ _ _ _ _ _ _ _ _ _ _ _ _ _ _ _ _ _ _ _ _ _ _ _ _ _ _ _ _ _ _ _\n\nself = <selenium.webdriver.remote.errorhandler.ErrorHandler object at 0x0000025F72C493C8>\nresponse = {'sessionId': '144f1a54f44aee98e91885bf975524a4', 'status': 7, 'value': {'message': 'no such element: Unable to locate...729.6 (255758eccf3d244491b8a1317aa76e1ce10d57e9-refs/branch-heads/3729@{#29}),platform=Windows NT 10.0.18362 x86_64)'}}\n\n    def check_response(self, response):\n        \"\"\"\n        Checks that a JSON response from the WebDriver does not have an error.\n    \n        :Args:\n         - response - The JSON response from the WebDriver server as a dictionary\n           object.\n    \n        :Raises: If the response contains an error message.\n        \"\"\"\n        status = response.get('status', None)\n        if status is None or status == ErrorCode.SUCCESS:\n            return\n        value = None\n        message = response.get(\"message\", \"\")\n        screen = response.get(\"screen\", \"\")\n        stacktrace = None\n        if isinstance(status, int):\n            value_json = response.get('value', None)\n            if value_json and isinstance(value_json, basestring):\n                import json\n                try:\n                    value = json.loads(value_json)\n                    if len(value.keys()) == 1:\n                        value = value['value']\n                    status = value.get('error', None)\n                    if status is None:\n                        status = value[\"status\"]\n                        message = value[\"value\"]\n                        if not isinstance(message, basestring):\n                            value = message\n                            message = message.get('message')\n                    else:\n                        message = value.get('message', None)\n                except ValueError:\n                    pass\n    \n        exception_class = ErrorInResponseException\n        if status in ErrorCode.NO_SUCH_ELEMENT:\n            exception_class = NoSuchElementException\n        elif status in ErrorCode.NO_SUCH_FRAME:\n            exception_class = NoSuchFrameException\n        elif status in ErrorCode.NO_SUCH_WINDOW:\n            exception_class = NoSuchWindowException\n        elif status in ErrorCode.STALE_ELEMENT_REFERENCE:\n            exception_class = StaleElementReferenceException\n        elif status in ErrorCode.ELEMENT_NOT_VISIBLE:\n            exception_class = ElementNotVisibleException\n        elif status in ErrorCode.INVALID_ELEMENT_STATE:\n            exception_class = InvalidElementStateException\n        elif status in ErrorCode.INVALID_SELECTOR \\\n                or status in ErrorCode.INVALID_XPATH_SELECTOR \\\n                or status in ErrorCode.INVALID_XPATH_SELECTOR_RETURN_TYPER:\n            exception_class = InvalidSelectorException\n        elif status in ErrorCode.ELEMENT_IS_NOT_SELECTABLE:\n            exception_class = ElementNotSelectableException\n        elif status in ErrorCode.ELEMENT_NOT_INTERACTABLE:\n            exception_class = ElementNotInteractableException\n        elif status in ErrorCode.INVALID_COOKIE_DOMAIN:\n            exception_class = InvalidCookieDomainException\n        elif status in ErrorCode.UNABLE_TO_SET_COOKIE:\n            exception_class = UnableToSetCookieException\n        elif status in ErrorCode.TIMEOUT:\n            exception_class = TimeoutException\n        elif status in ErrorCode.SCRIPT_TIMEOUT:\n            exception_class = TimeoutException\n        elif status in ErrorCode.UNKNOWN_ERROR:\n            exception_class = WebDriverException\n        elif status in ErrorCode.UNEXPECTED_ALERT_OPEN:\n            exception_class = UnexpectedAlertPresentException\n        elif status in ErrorCode.NO_ALERT_OPEN:\n            exception_class = NoAlertPresentException\n        elif status in ErrorCode.IME_NOT_AVAILABLE:\n            exception_class = ImeNotAvailableException\n        elif status in ErrorCode.IME_ENGINE_ACTIVATION_FAILED:\n            exception_class = ImeActivationFailedException\n        elif status in ErrorCode.MOVE_TARGET_OUT_OF_BOUNDS:\n            exception_class = MoveTargetOutOfBoundsException\n        elif status in ErrorCode.JAVASCRIPT_ERROR:\n            exception_class = JavascriptException\n        elif status in ErrorCode.SESSION_NOT_CREATED:\n            exception_class = SessionNotCreatedException\n        elif status in ErrorCode.INVALID_ARGUMENT:\n            exception_class = InvalidArgumentException\n        elif status in ErrorCode.NO_SUCH_COOKIE:\n            exception_class = NoSuchCookieException\n        elif status in ErrorCode.UNABLE_TO_CAPTURE_SCREEN:\n            exception_class = ScreenshotException\n        elif status in ErrorCode.ELEMENT_CLICK_INTERCEPTED:\n            exception_class = ElementClickInterceptedException\n        elif status in ErrorCode.INSECURE_CERTIFICATE:\n            exception_class = InsecureCertificateException\n        elif status in ErrorCode.INVALID_COORDINATES:\n            exception_class = InvalidCoordinatesException\n        elif status in ErrorCode.INVALID_SESSION_ID:\n            exception_class = InvalidSessionIdException\n        elif status in ErrorCode.UNKNOWN_METHOD:\n            exception_class = UnknownMethodException\n        else:\n            exception_class = WebDriverException\n        if value == '' or value is None:\n            value = response['value']\n        if isinstance(value, basestring):\n            if exception_class == ErrorInResponseException:\n                raise exception_class(response, value)\n            raise exception_class(value)\n        if message == \"\" and 'message' in value:\n            message = value['message']\n    \n        screen = None\n        if 'screen' in value:\n            screen = value['screen']\n    \n        stacktrace = None\n        if 'stackTrace' in value and value['stackTrace']:\n            stacktrace = []\n            try:\n                for frame in value['stackTrace']:\n                    line = self._value_or_default(frame, 'lineNumber', '')\n                    file = self._value_or_default(frame, 'fileName', '<anonymous>')\n                    if line:\n                        file = \"%s:%s\" % (file, line)\n                    meth = self._value_or_default(frame, 'methodName', '<anonymous>')\n                    if 'className' in frame:\n                        meth = \"%s.%s\" % (frame['className'], meth)\n                    msg = \"    at %s (%s)\"\n                    msg = msg % (meth, file)\n                    stacktrace.append(msg)\n            except TypeError:\n                pass\n        if exception_class == ErrorInResponseException:\n            raise exception_class(response, message)\n        elif exception_class == UnexpectedAlertPresentException:\n            alert_text = None\n            if 'data' in value:\n                alert_text = value['data'].get('text')\n            elif 'alert' in value:\n                alert_text = value['alert'].get('text')\n            raise exception_class(message, screen, stacktrace, alert_text)\n>       raise exception_class(message, screen, stacktrace)\nE       selenium.common.exceptions.NoSuchElementException: Message: no such element: Unable to locate element: {\"method\":\"css selector\",\"selector\":\"body > div:nth-child(7) > div > div > div > div:nth-child(2) > div > div\"}\nE         (Session info: chrome=74.0.3729.108)\nE         (Driver info: chromedriver=74.0.3729.6 (255758eccf3d244491b8a1317aa76e1ce10d57e9-refs/branch-heads/3729@{#29}),platform=Windows NT 10.0.18362 x86_64)\n\n..\\..\\..\\AppData\\Local\\Programs\\Python\\Python36\\lib\\site-packages\\selenium\\webdriver\\remote\\errorhandler.py:242: NoSuchElementException"}, "description": "ÊµãËØï http://10.10.128.152:10052/#/account/login ‰∏âÊñπÔºà‰ºÅ‰∏öÔºåÈì∂Ë°åÔºåÂâçÁ´ØÔºâ‰∫§‰∫í", "attachments": [{"name": "log", "source": "0860129c-1c48-467d-88dc-6c3e9ac3e365-attachment.txt", "type": "text/plain"}, {"name": "stdout", "source": "3b29d5e8-a1e3-48b5-b1c0-740dc325d2ad-attachment.txt", "type": "text/plain"}, {"name": "stderr", "source": "f585e2ac-b009-447d-aa03-809fba3a8a86-attachment.txt", "type": "text/plain"}], "start": 1603422121387, "stop": 1603422192329, "uuid": "a7633ada-2b6f-4b78-b2bb-d63466f0a326", "historyId": "d91e7b4392163e0b46289a9f8b97b16c", "testCaseId": "ff94b3cb02e8ba4f94c9f712dc0dd88c", "fullName": "test_flow.test_Tripartite_interaction.test_Tripartite_interaction#test_Tripartite_interaction", "labels": [{"name": "severity", "value": "blocker"}, {"name": "tag", "value": "run(order=-1)"}, {"name": "parentSuite", "value": "test_flow.test_Tripartite_interaction"}, {"name": "suite", "value": "test_Tripartite_interaction"}, {"name": "host", "value": "A02-03-00033"}, {"name": "thread", "value": "19288-MainThread"}, {"name": "framework", "value": "pytest"}, {"name": "language", "value": "cpython3"}, {"name": "package", "value": "test_flow.test_Tripartite_interaction.test_Tripartite_interaction"}], "links": [{"type": "test_case", "url": "http://10.10.128.152:10052/#/account/login", "name": "‰∏âÊñπÔºà‰ºÅ‰∏öÔºåÈì∂Ë°åÔºåÂâçÁ´ØÔºâ‰∫§‰∫í üëá"}]}