{"name": "test_infoReg", "status": "broken", "statusDetails": {"message": "selenium.common.exceptions.WebDriverException: Message: chrome not reachable\n  (Session info: chrome=74.0.3729.108)\n  (Driver info: chromedriver=74.0.3729.6 (255758eccf3d244491b8a1317aa76e1ce10d57e9-refs/branch-heads/3729@{#29}),platform=Windows NT 10.0.18362 x86_64)", "trace": "@pytest.mark.run(order=2)\n    @allure.severity(\"blocker\")\n    @allure.description(\"ÊµãËØï http://10.10.128.152:10053/personal/set/certification ‰∏™‰∫∫ÂÆûÂêçËÆ§ËØÅ\")\n    @allure.testcase(\"http://10.10.128.152:10053/personal/set/certification\", \"‰∏™‰∫∫ÂÆûÂêçËÆ§ËØÅ üëá\")\n    def test_infoReg():\n        def_name = sys._getframe().f_code.co_name\n        test_Assert = Assert.Assertions(def_name)\n        logger.info(\"ÂºÄÂßãÊâßË°åËÑöÊú¨%s:\\n\", def_name)\n    \n        # ÂØπ‰∏™‰∫∫‰ø°ÊÅØ‰ºÅ‰∏ö‰ø°ÊÅØËøõË°åÂà†Èô§Êìç‰Ωú\n        deletePerInforAndComInfor()\n        logger.info(\"ÂØπ‰∏™‰∫∫‰ø°ÊÅØ‰ºÅ‰∏ö‰ø°ÊÅØËøõË°åÂà†Èô§Êìç‰Ωú\")\n    \n        driver = webdriver.Chrome()\n        driver.maximize_window()\n        driver.get(url_forward)\n    \n        # ÁôªÈôÜÈ°µÈù¢\n        login(driver)\n    \n        waitUntilDisplay(driver, loginOn.link_home_css.value)\n        sleep(1)\n        homeText = driver.find_element_by_css_selector(loginOn.link_home_css.value)\n    \n        test_Assert.assert_text_ui(homeText.text, 'È¶ñÈ°µ')\n        logger.info(\"ËøõÂÖ•ÁôªÈôÜÈ°µÈù¢\")\n    \n        waitUntilDisplay(driver, path_personalInfoReg.txt_aut_css.value)\n        titleText = driver.find_element_by_css_selector(path_personalInfoReg.txt_aut_css.value)\n        test_Assert.assert_text_ui(titleText.text, 'ÂÆûÂêçËÆ§ËØÅ')\n        logger.info(\"ÂÆûÂêçËÆ§ËØÅÁîªÈù¢ÊàêÂäüÊòæÁ§∫\")\n    \n        name = yamldict['test_personalInfoRegList']['name']\n        idNum = yamldict['test_personalInfoRegList']['id_card']\n    \n        driver.find_element_by_css_selector(path_personalInfoReg.input_name_css.value).send_keys(name)\n        driver.find_element_by_css_selector(path_personalInfoReg.input_idNum_css.value).send_keys(idNum)\n        BaseFunction.waitUntilClick(driver, path_personalInfoReg.btn_phoneNum_css.value)\n        driver.find_element_by_css_selector(path_personalInfoReg.btn_phoneNum_css.value).click()\n    \n        while 1:\n            message = getPhoneMessage().get(\"auMes\")\n            if message is None:\n                sleep(0.5)\n                continue\n            else:\n                break\n        driver.find_element_by_css_selector(path_personalInfoReg.input_phoneNum_css.value).send_keys(\n            message.strip().strip('\"'))\n    \n        picture_dir = os.getcwd()\n        pcture_dirOne = '\\\\test_data\\\\picture\\\\id_1.jpg'\n        pcture_dirTwo = '\\\\test_data\\\\picture\\\\id_2.jpg'\n        driver.find_element_by_css_selector(path_personalInfoReg.file_idPicture1_css.value).send_keys(\n            picture_dir + pcture_dirOne)\n        BaseFunction.waitUntilDisplay(driver, path_personalInfoReg.btn_uplaodPicture1_css.value)\n        driver.find_element_by_css_selector(path_personalInfoReg.file_idPicture2_css.value).send_keys(\n            picture_dir + pcture_dirTwo)\n        BaseFunction.waitUntilDisplay(driver, path_personalInfoReg.btn_uplaodPicture2_css.value)\n        waitUntilClick(driver, path_personalInfoReg.btn_aut_css.value)\n        sleep(1)\n        driver.find_element_by_css_selector(path_personalInfoReg.btn_aut_css.value).click()\n    \n>       BaseFunction.waitUntilDisplay(driver, path_personalInfoReg.txt_auting_css.value)\n\ntest_flow\\test_Authentication\\test_personalInfoReg.py:88: \n_ _ _ _ _ _ _ _ _ _ _ _ _ _ _ _ _ _ _ _ _ _ _ _ _ _ _ _ _ _ _ _ _ _ _ _ _ _ _ _\ncommon\\BaseFunction.py:13: in waitUntilDisplay\n    WebDriverWait(driver, 30).until(EC.visibility_of_element_located((By.CSS_SELECTOR, ByCss)))\n..\\venv\\lib\\site-packages\\selenium\\webdriver\\support\\wait.py:71: in until\n    value = method(self._driver)\n..\\venv\\lib\\site-packages\\selenium\\webdriver\\support\\expected_conditions.py:128: in __call__\n    return _element_if_visible(_find_element(driver, self.locator))\n..\\venv\\lib\\site-packages\\selenium\\webdriver\\support\\expected_conditions.py:415: in _find_element\n    raise e\n..\\venv\\lib\\site-packages\\selenium\\webdriver\\support\\expected_conditions.py:411: in _find_element\n    return driver.find_element(*by)\n..\\venv\\lib\\site-packages\\selenium\\webdriver\\remote\\webdriver.py:976: in find_element\n    return self.execute(Command.FIND_ELEMENT, {\n..\\venv\\lib\\site-packages\\selenium\\webdriver\\remote\\webdriver.py:321: in execute\n    self.error_handler.check_response(response)\n_ _ _ _ _ _ _ _ _ _ _ _ _ _ _ _ _ _ _ _ _ _ _ _ _ _ _ _ _ _ _ _ _ _ _ _ _ _ _ _\n\nself = <selenium.webdriver.remote.errorhandler.ErrorHandler object at 0x00000218B40E2130>\nresponse = {'sessionId': 'c96194e71e36988da77967b10f5467de', 'status': 100, 'value': {'message': 'chrome not reachable\\n  (Sessio...729.6 (255758eccf3d244491b8a1317aa76e1ce10d57e9-refs/branch-heads/3729@{#29}),platform=Windows NT 10.0.18362 x86_64)'}}\n\n    def check_response(self, response):\n        \"\"\"\n        Checks that a JSON response from the WebDriver does not have an error.\n    \n        :Args:\n         - response - The JSON response from the WebDriver server as a dictionary\n           object.\n    \n        :Raises: If the response contains an error message.\n        \"\"\"\n        status = response.get('status', None)\n        if status is None or status == ErrorCode.SUCCESS:\n            return\n        value = None\n        message = response.get(\"message\", \"\")\n        screen = response.get(\"screen\", \"\")\n        stacktrace = None\n        if isinstance(status, int):\n            value_json = response.get('value', None)\n            if value_json and isinstance(value_json, basestring):\n                import json\n                try:\n                    value = json.loads(value_json)\n                    if len(value.keys()) == 1:\n                        value = value['value']\n                    status = value.get('error', None)\n                    if status is None:\n                        status = value[\"status\"]\n                        message = value[\"value\"]\n                        if not isinstance(message, basestring):\n                            value = message\n                            message = message.get('message')\n                    else:\n                        message = value.get('message', None)\n                except ValueError:\n                    pass\n    \n        exception_class = ErrorInResponseException\n        if status in ErrorCode.NO_SUCH_ELEMENT:\n            exception_class = NoSuchElementException\n        elif status in ErrorCode.NO_SUCH_FRAME:\n            exception_class = NoSuchFrameException\n        elif status in ErrorCode.NO_SUCH_WINDOW:\n            exception_class = NoSuchWindowException\n        elif status in ErrorCode.STALE_ELEMENT_REFERENCE:\n            exception_class = StaleElementReferenceException\n        elif status in ErrorCode.ELEMENT_NOT_VISIBLE:\n            exception_class = ElementNotVisibleException\n        elif status in ErrorCode.INVALID_ELEMENT_STATE:\n            exception_class = InvalidElementStateException\n        elif status in ErrorCode.INVALID_SELECTOR \\\n                or status in ErrorCode.INVALID_XPATH_SELECTOR \\\n                or status in ErrorCode.INVALID_XPATH_SELECTOR_RETURN_TYPER:\n            exception_class = InvalidSelectorException\n        elif status in ErrorCode.ELEMENT_IS_NOT_SELECTABLE:\n            exception_class = ElementNotSelectableException\n        elif status in ErrorCode.ELEMENT_NOT_INTERACTABLE:\n            exception_class = ElementNotInteractableException\n        elif status in ErrorCode.INVALID_COOKIE_DOMAIN:\n            exception_class = InvalidCookieDomainException\n        elif status in ErrorCode.UNABLE_TO_SET_COOKIE:\n            exception_class = UnableToSetCookieException\n        elif status in ErrorCode.TIMEOUT:\n            exception_class = TimeoutException\n        elif status in ErrorCode.SCRIPT_TIMEOUT:\n            exception_class = TimeoutException\n        elif status in ErrorCode.UNKNOWN_ERROR:\n            exception_class = WebDriverException\n        elif status in ErrorCode.UNEXPECTED_ALERT_OPEN:\n            exception_class = UnexpectedAlertPresentException\n        elif status in ErrorCode.NO_ALERT_OPEN:\n            exception_class = NoAlertPresentException\n        elif status in ErrorCode.IME_NOT_AVAILABLE:\n            exception_class = ImeNotAvailableException\n        elif status in ErrorCode.IME_ENGINE_ACTIVATION_FAILED:\n            exception_class = ImeActivationFailedException\n        elif status in ErrorCode.MOVE_TARGET_OUT_OF_BOUNDS:\n            exception_class = MoveTargetOutOfBoundsException\n        elif status in ErrorCode.JAVASCRIPT_ERROR:\n            exception_class = JavascriptException\n        elif status in ErrorCode.SESSION_NOT_CREATED:\n            exception_class = SessionNotCreatedException\n        elif status in ErrorCode.INVALID_ARGUMENT:\n            exception_class = InvalidArgumentException\n        elif status in ErrorCode.NO_SUCH_COOKIE:\n            exception_class = NoSuchCookieException\n        elif status in ErrorCode.UNABLE_TO_CAPTURE_SCREEN:\n            exception_class = ScreenshotException\n        elif status in ErrorCode.ELEMENT_CLICK_INTERCEPTED:\n            exception_class = ElementClickInterceptedException\n        elif status in ErrorCode.INSECURE_CERTIFICATE:\n            exception_class = InsecureCertificateException\n        elif status in ErrorCode.INVALID_COORDINATES:\n            exception_class = InvalidCoordinatesException\n        elif status in ErrorCode.INVALID_SESSION_ID:\n            exception_class = InvalidSessionIdException\n        elif status in ErrorCode.UNKNOWN_METHOD:\n            exception_class = UnknownMethodException\n        else:\n            exception_class = WebDriverException\n        if value == '' or value is None:\n            value = response['value']\n        if isinstance(value, basestring):\n            if exception_class == ErrorInResponseException:\n                raise exception_class(response, value)\n            raise exception_class(value)\n        if message == \"\" and 'message' in value:\n            message = value['message']\n    \n        screen = None\n        if 'screen' in value:\n            screen = value['screen']\n    \n        stacktrace = None\n        if 'stackTrace' in value and value['stackTrace']:\n            stacktrace = []\n            try:\n                for frame in value['stackTrace']:\n                    line = self._value_or_default(frame, 'lineNumber', '')\n                    file = self._value_or_default(frame, 'fileName', '<anonymous>')\n                    if line:\n                        file = \"%s:%s\" % (file, line)\n                    meth = self._value_or_default(frame, 'methodName', '<anonymous>')\n                    if 'className' in frame:\n                        meth = \"%s.%s\" % (frame['className'], meth)\n                    msg = \"    at %s (%s)\"\n                    msg = msg % (meth, file)\n                    stacktrace.append(msg)\n            except TypeError:\n                pass\n        if exception_class == ErrorInResponseException:\n            raise exception_class(response, message)\n        elif exception_class == UnexpectedAlertPresentException:\n            alert_text = None\n            if 'data' in value:\n                alert_text = value['data'].get('text')\n            elif 'alert' in value:\n                alert_text = value['alert'].get('text')\n            raise exception_class(message, screen, stacktrace, alert_text)\n>       raise exception_class(message, screen, stacktrace)\nE       selenium.common.exceptions.WebDriverException: Message: chrome not reachable\nE         (Session info: chrome=74.0.3729.108)\nE         (Driver info: chromedriver=74.0.3729.6 (255758eccf3d244491b8a1317aa76e1ce10d57e9-refs/branch-heads/3729@{#29}),platform=Windows NT 10.0.18362 x86_64)\n\n..\\venv\\lib\\site-packages\\selenium\\webdriver\\remote\\errorhandler.py:242: WebDriverException"}, "description": "ÊµãËØï http://10.10.128.152:10053/personal/set/certification ‰∏™‰∫∫ÂÆûÂêçËÆ§ËØÅ", "attachments": [{"name": "log", "source": "d47123f6-8f32-4ba2-89e3-e96e8c1f9d44-attachment.txt", "type": "text/plain"}, {"name": "stdout", "source": "bb871c86-08cf-4873-999f-e9ffc145d93b-attachment.txt", "type": "text/plain"}, {"name": "stderr", "source": "019407af-3b62-4cf3-8777-5ea2f5e1c5a4-attachment.txt", "type": "text/plain"}], "start": 1600069515234, "stop": 1600069548218, "uuid": "53a70fac-fada-435d-8962-4e4bcf0593c9", "historyId": "28dda5313ff182aeade3becf47df4372", "testCaseId": "9cbf013f05cb6ad37536fb98be3bcb37", "fullName": "test_flow.test_Authentication.test_personalInfoReg#test_infoReg", "labels": [{"name": "severity", "value": "blocker"}, {"name": "tag", "value": "run(order=2)"}, {"name": "parentSuite", "value": "test_flow.test_Authentication"}, {"name": "suite", "value": "test_personalInfoReg"}, {"name": "host", "value": "A02-03-00033"}, {"name": "thread", "value": "10652-MainThread"}, {"name": "framework", "value": "pytest"}, {"name": "language", "value": "cpython3"}, {"name": "package", "value": "test_flow.test_Authentication.test_personalInfoReg"}], "links": [{"type": "test_case", "url": "http://10.10.128.152:10053/personal/set/certification", "name": "‰∏™‰∫∫ÂÆûÂêçËÆ§ËØÅ üëá"}]}