{"name": "test_companyRegister", "status": "broken", "statusDetails": {"message": "poco.exceptions.PocoNoSuchNodeException: Cannot find any visible node by query UIObjectProxy of \"è¯·è¾“å…¥å§“å\"", "trace": "@pytest.mark.run(order=1)\n    @allure.severity(\"blocker\")\n    @allure.description(\"æµ‹è¯• http://10.10.128.152:10053/user/register ä¸­å°å¾®ä¼ä¸šæ³¨å†Œæµç¨‹\")\n    @allure.testcase(\"http://10.10.128.152:10053/user/register\", \"æ³¨å†Œ ğŸ‘‡\")\n    def test_companyRegister():\n        if runMode == 'UI':\n            def_name = sys._getframe().f_code.co_name\n            test_Assert = Assert.Assertions(def_name)\n            logger.info(\"å¼€å§‹æ‰§è¡Œè„šæœ¬%s:\\n\", def_name)\n    \n            driver = webdriver.Chrome()\n            driver.maximize_window()\n            driver.get(url_ui_register)\n            # dbä¸­æ¸…é™¤å·²æ³¨å†Œçš„è´¦æˆ·\n            deleteInforMobile()\n            logger.info(\"å¯¹å·²æ³¨å†Œçš„è´¦æˆ·è¿›è¡Œåˆ é™¤æ“ä½œ\")\n            sleep(1)\n            waitUntilClick(driver, loginOn.btn_agree_css.value)\n            driver.find_element_by_css_selector(loginOn.btn_agree_css.value).click()\n    \n            waitUntilDisplay(driver, loginOn.input_act_css.value)\n            driver.find_element_by_css_selector(loginOn.input_act_css.value).send_keys(act)\n            driver.find_element_by_css_selector(loginOn.input_pwd_css.value).send_keys(pwd)\n            driver.find_element_by_css_selector(loginOn.input_conPwd_css.value).send_keys(pwd)\n            waitUntilClick(driver, loginOn.btn_phoneCode_css.value)\n            sleep(2)\n            flushDb()\n            driver.find_element_by_css_selector(loginOn.btn_phoneCode_css.value).click()\n    \n            while 1:\n                message = getPhoneMessage().get(\"regMes\")\n                if message is None:\n                    sleep(0.5)\n                    continue\n                else:\n                    break\n    \n            driver.find_element_by_css_selector(loginOn.input_phoneCode_css.value).send_keys(message.strip().strip('\"'))\n            waitUntilClick(driver, loginOn.btn_agreeReg.value)\n            driver.find_element_by_css_selector(loginOn.btn_agreeReg.value).click()\n    \n            title = driver.title\n            test_Assert.assert_text_ui(title, 'ä¸­å°å¾®ä¼ä¸šé‡‘èæœåŠ¡èšåˆå¹³å°')\n            logger.info(\"æ³¨å†ŒæˆåŠŸï¼Œè¿”å›åˆ°ç™»é™†é¡µé¢\")\n            sleep(1)\n            driver.quit()\n        else:\n>           mobileDriver('è¯·è¾“å…¥å§“å').set_text('12')\n\ntest_flow\\test_Authentication\\test_login.py:95: \n_ _ _ _ _ _ _ _ _ _ _ _ _ _ _ _ _ _ _ _ _ _ _ _ _ _ _ _ _ _ _ _ _ _ _ _ _ _ _ _\n..\\..\\..\\AppData\\Local\\Programs\\Python\\Python36\\lib\\site-packages\\poco\\proxy.py:802: in set_text\n    return self.setattr('text', text)\n..\\..\\..\\AppData\\Local\\Programs\\Python\\Python36\\lib\\site-packages\\poco\\proxy.py:39: in wrapped\n    return func(self, *args, **kwargs)\n..\\..\\..\\AppData\\Local\\Programs\\Python\\Python36\\lib\\site-packages\\poco\\proxy.py:757: in setattr\n    nodes = self._do_query(multiple=False)\n_ _ _ _ _ _ _ _ _ _ _ _ _ _ _ _ _ _ _ _ _ _ _ _ _ _ _ _ _ _ _ _ _ _ _ _ _ _ _ _\n\nself = UIObjectProxy of \"è¯·è¾“å…¥å§“å\", multiple = False, refresh = False\n\n    def _do_query(self, multiple=True, refresh=False):\n        if not self._evaluated or refresh:\n            self._nodes = self.poco.agent.hierarchy.select(self.query, multiple)\n            if len(self._nodes) == 0:\n>               raise PocoNoSuchNodeException(self)\nE               poco.exceptions.PocoNoSuchNodeException: Cannot find any visible node by query UIObjectProxy of \"è¯·è¾“å…¥å§“å\"\n\n..\\..\\..\\AppData\\Local\\Programs\\Python\\Python36\\lib\\site-packages\\poco\\proxy.py:874: PocoNoSuchNodeException"}, "description": "æµ‹è¯• http://10.10.128.152:10053/user/register ä¸­å°å¾®ä¼ä¸šæ³¨å†Œæµç¨‹", "start": 1602836911007, "stop": 1602836911128, "uuid": "1c3d59e9-4203-4406-8ec8-9709aa5bec99", "historyId": "dd0646a5c1a798e47c4f25747509dea9", "testCaseId": "1fe2bac8daa9cfa6b5ae5069ce9a9205", "fullName": "test_flow.test_Authentication.test_login#test_companyRegister", "labels": [{"name": "severity", "value": "blocker"}, {"name": "tag", "value": "run(order=1)"}, {"name": "parentSuite", "value": "test_flow.test_Authentication"}, {"name": "suite", "value": "test_login"}, {"name": "host", "value": "A02-03-00033"}, {"name": "thread", "value": "4612-MainThread"}, {"name": "framework", "value": "pytest"}, {"name": "language", "value": "cpython3"}, {"name": "package", "value": "test_flow.test_Authentication.test_login"}], "links": [{"type": "test_case", "url": "http://10.10.128.152:10053/user/register", "name": "æ³¨å†Œ ğŸ‘‡"}]}