{"name": "test_infoReg", "status": "broken", "statusDetails": {"message": "selenium.common.exceptions.TimeoutException: Message:", "trace": "@pytest.mark.run(order=2)\n    @allure.severity(\"blocker\")\n    @allure.description(\"æµ‹è¯• http://10.10.128.152:10053/personal/set/certification ä¸ªäººå®åè®¤è¯\")\n    @allure.testcase(\"http://10.10.128.152:10053/personal/set/certification\", \"ä¸ªäººå®åè®¤è¯ ğŸ‘‡\")\n    def test_infoReg():\n        if runMode == 'UI':\n            def_name = sys._getframe().f_code.co_name\n            test_Assert = Assert.Assertions(def_name)\n            logger.info(\"å¼€å§‹æ‰§è¡Œè„šæœ¬%s:\\n\", def_name)\n    \n            # å¯¹ä¸ªäººä¿¡æ¯ä¼ä¸šä¿¡æ¯è¿›è¡Œåˆ é™¤æ“ä½œ\n            deletePerInforAndComInfor()\n            logger.info(\"å¯¹ä¸ªäººä¿¡æ¯ä¼ä¸šä¿¡æ¯è¿›è¡Œåˆ é™¤æ“ä½œ\")\n    \n            driver = webdriver.Chrome()\n            driver.maximize_window()\n            driver.get(url_forward)\n    \n            # ç™»é™†é¡µé¢\n            login(driver)\n    \n            waitUntilDisplay(driver, loginOn.link_home_css.value)\n            sleep(1)\n            homeText = driver.find_element_by_css_selector(loginOn.link_home_css.value)\n    \n            test_Assert.assert_text_ui(homeText.text, 'é¦–é¡µ')\n            logger.info(\"è¿›å…¥ç™»é™†é¡µé¢\")\n    \n            waitUntilDisplay(driver, path_personalInfoReg.txt_aut_css.value)\n            sleep(1)\n            titleText = driver.find_element_by_css_selector(path_personalInfoReg.txt_aut_css.value)\n            test_Assert.assert_text_ui(titleText.text, 'å®åè®¤è¯')\n            logger.info(\"å®åè®¤è¯ç”»é¢æˆåŠŸæ˜¾ç¤º\")\n            name = yamldict['test_personalInfoRegList']['name']\n            idNum = yamldict['test_personalInfoRegList']['id_card']\n    \n            driver.find_element_by_css_selector(path_personalInfoReg.input_name_css.value).send_keys(name)\n            driver.find_element_by_css_selector(path_personalInfoReg.input_idNum_css.value).send_keys(idNum)\n            BaseFunction.waitUntilClick(driver, path_personalInfoReg.btn_phoneNum_css.value)\n            flushDb()\n            driver.find_element_by_css_selector(path_personalInfoReg.btn_phoneNum_css.value).click()\n    \n            while 1:\n                message = getPhoneMessage().get(\"auMes\")\n                if message is None:\n                    sleep(0.5)\n                    continue\n                else:\n                    break\n            driver.find_element_by_css_selector(path_personalInfoReg.input_phoneNum_css.value).send_keys(\n                message.strip().strip('\"'))\n    \n            picture_dir = os.getcwd()\n            pcture_dirOne = '\\\\test_data\\\\picture\\\\id_1.jpg'\n            pcture_dirTwo = '\\\\test_data\\\\picture\\\\id_2.jpg'\n            driver.find_element_by_css_selector(path_personalInfoReg.file_idPicture1_css.value).send_keys(\n                picture_dir + pcture_dirOne)\n            BaseFunction.waitUntilDisplay(driver, path_personalInfoReg.btn_uplaodPicture1_css.value)\n            driver.find_element_by_css_selector(path_personalInfoReg.file_idPicture2_css.value).send_keys(\n                picture_dir + pcture_dirTwo)\n            BaseFunction.waitUntilDisplay(driver, path_personalInfoReg.btn_uplaodPicture2_css.value)\n            waitUntilClick(driver, path_personalInfoReg.btn_aut_css.value)\n            sleep(1)\n            driver.find_element_by_css_selector(path_personalInfoReg.btn_aut_css.value).click()\n    \n            getVerification()\n    \n            BaseFunction.waitUntilDisplay(driver, path_personalInfoReg.txt_auting_css.value)\n            text_auting = driver.find_element_by_css_selector(path_personalInfoReg.txt_auting_css.value).text\n            test_Assert.assert_text_ui(text_auting, 'è®¤è¯ä¸­')\n            logger.info(\"å®åè®¤è¯ä¸­ç”»é¢æ˜¾ç¤º\")\n    \n            text_name_css = driver.find_element_by_css_selector(path_personalInfoReg.txt_name_css.value).text\n            txt_idNum_css = driver.find_element_by_css_selector(path_personalInfoReg.txt_idNum_css.value).text\n            text_phoneNum_css = driver.find_element_by_css_selector(path_personalInfoReg.txt_phoneNum_css.value).text\n    \n            test_Assert.assert_text_ui(text_name_css, name)\n            test_Assert.assert_text_ui(txt_idNum_css, idNum)\n            test_Assert.assert_text_ui(text_phoneNum_css, act)\n    \n            WebDriverWait(driver, 1200).until(\n>               EC.presence_of_element_located((By.CSS_SELECTOR, path_personalInfoReg.txt_actSucess_css.value)))\n\ntest_flow\\test_Authentication\\test_personalInfoReg.py:107: \n_ _ _ _ _ _ _ _ _ _ _ _ _ _ _ _ _ _ _ _ _ _ _ _ _ _ _ _ _ _ _ _ _ _ _ _ _ _ _ _\n\nself = <selenium.webdriver.support.wait.WebDriverWait (session=\"feb069d2b29b7cb52fac63bbb3f51c5d\")>\nmethod = <selenium.webdriver.support.expected_conditions.presence_of_element_located object at 0x0000016E539CA748>\nmessage = ''\n\n    def until(self, method, message=''):\n        \"\"\"Calls the method provided with the driver as an argument until the \\\n        return value is not False.\"\"\"\n        screen = None\n        stacktrace = None\n    \n        end_time = time.time() + self._timeout\n        while True:\n            try:\n                value = method(self._driver)\n                if value:\n                    return value\n            except self._ignored_exceptions as exc:\n                screen = getattr(exc, 'screen', None)\n                stacktrace = getattr(exc, 'stacktrace', None)\n            time.sleep(self._poll)\n            if time.time() > end_time:\n                break\n>       raise TimeoutException(message, screen, stacktrace)\nE       selenium.common.exceptions.TimeoutException: Message:\n\n..\\..\\..\\AppData\\Local\\Programs\\Python\\Python36\\lib\\site-packages\\selenium\\webdriver\\support\\wait.py:80: TimeoutException"}, "description": "æµ‹è¯• http://10.10.128.152:10053/personal/set/certification ä¸ªäººå®åè®¤è¯", "attachments": [{"name": "log", "source": "0a734ebe-0f95-4ac8-b2c0-689f2552d592-attachment.txt", "type": "text/plain"}, {"name": "stdout", "source": "e6ca409b-7a0f-4732-8dbc-9a53f556e787-attachment.txt", "type": "text/plain"}, {"name": "stderr", "source": "837458e4-7a7a-4ac7-a7d8-a0330617b66d-attachment.txt", "type": "text/plain"}], "start": 1602817851694, "stop": 1602819067086, "uuid": "a8b0b576-07c7-471c-99bf-042cc21ac890", "historyId": "28dda5313ff182aeade3becf47df4372", "testCaseId": "9cbf013f05cb6ad37536fb98be3bcb37", "fullName": "test_flow.test_Authentication.test_personalInfoReg#test_infoReg", "labels": [{"name": "severity", "value": "blocker"}, {"name": "tag", "value": "run(order=2)"}, {"name": "parentSuite", "value": "test_flow.test_Authentication"}, {"name": "suite", "value": "test_personalInfoReg"}, {"name": "host", "value": "A02-03-00033"}, {"name": "thread", "value": "14068-MainThread"}, {"name": "framework", "value": "pytest"}, {"name": "language", "value": "cpython3"}, {"name": "package", "value": "test_flow.test_Authentication.test_personalInfoReg"}], "links": [{"type": "test_case", "url": "http://10.10.128.152:10053/personal/set/certification", "name": "ä¸ªäººå®åè®¤è¯ ğŸ‘‡"}]}