{"name": "test_Tripartite_interaction", "status": "broken", "statusDetails": {"message": "selenium.common.exceptions.TimeoutException: Message:", "trace": "@pytest.mark.run(order=-1)\n    @allure.severity(\"blocker\")\n    @allure.description(\"æµ‹è¯• http://10.10.128.152:10052/#/account/login ä¸‰æ–¹ï¼ˆä¼ä¸šï¼Œé“¶è¡Œï¼Œå‰ç«¯ï¼‰äº¤äº’\")\n    @allure.testcase(\"http://10.10.128.152:10052/#/account/login\", \"ä¸‰æ–¹ï¼ˆä¼ä¸šï¼Œé“¶è¡Œï¼Œå‰ç«¯ï¼‰äº¤äº’ ğŸ‘‡\")\n    def test_Tripartite_interaction():\n        def_name = sys._getframe().f_code.co_name\n        logger.info(\"å¼€å§‹æ‰§è¡Œè„šæœ¬%s:\\n\", def_name)\n    \n        # # å‰ç«¯è´¦æˆ·æˆä¿¡ç”³è¯·\n        driver_forward = webdriver.Chrome()\n        driver_forward.maximize_window()\n        driver_forward.get(url_forward)\n        logger.info('å‰ç«¯è´¦æˆ·ç™»å½•æˆä¿¡ç”³è¯·')\n        login(driver_forward)\n        creditExtension(driver_forward)\n    \n        # é“¶è¡Œæˆä¿¡å®¡æ ¸\n        driver_bank = webdriver.Chrome()\n        driver_bank.maximize_window()\n        driver_bank.get(url_back)\n        logger.info('é“¶è¡Œæˆä¿¡å®¡æ ¸')\n        backStageLogin(driver_bank, company_bank, company_bank_pass, 0)\n        CreditAudit_Bank(driver_bank)\n    \n        # æ‹…ä¿å…¬å¸å®¡æ ¸\n        driver_risk = webdriver.Chrome()\n        driver_risk.maximize_window()\n        driver_risk.get(url_back)\n        logger.info('æ‹…ä¿å…¬å¸å®¡æ ¸')\n        backStageLogin(driver_risk, company_Guarantee, company_Guarantee_pass, 0)\n        CreditAudit_Risk(driver_risk)\n    \n        # å€Ÿæ¬¾ç”³è¯·\n        loanApply(driver_forward)\n        loanCheck_bank(driver_bank)\n        loanCheck_Risk(driver_risk)\n        # å»ç¼´è´¹\n>       goToPay(driver_forward)\n\ntest_flow\\test_Tripartite_interaction\\test_Tripartite_interaction.py:168: \n_ _ _ _ _ _ _ _ _ _ _ _ _ _ _ _ _ _ _ _ _ _ _ _ _ _ _ _ _ _ _ _ _ _ _ _ _ _ _ _\ntest_flow\\test_Tripartite_interaction\\test_Tripartite_interaction.py:416: in goToPay\n    waitUntilClick(driver_forward, path_Tripartite_interaction.btn_applyPay_css.value)\ncommon\\BaseFunction.py:27: in waitUntilClick\n    WebDriverWait(driver, 30).until(EC.element_to_be_clickable((By.CSS_SELECTOR, ByCss)))\n_ _ _ _ _ _ _ _ _ _ _ _ _ _ _ _ _ _ _ _ _ _ _ _ _ _ _ _ _ _ _ _ _ _ _ _ _ _ _ _\n\nself = <selenium.webdriver.support.wait.WebDriverWait (session=\"00278573a3d60093f771357f2adb094c\")>\nmethod = <selenium.webdriver.support.expected_conditions.element_to_be_clickable object at 0x000001DF3652A940>\nmessage = ''\n\n    def until(self, method, message=''):\n        \"\"\"Calls the method provided with the driver as an argument until the \\\n        return value is not False.\"\"\"\n        screen = None\n        stacktrace = None\n    \n        end_time = time.time() + self._timeout\n        while True:\n            try:\n                value = method(self._driver)\n                if value:\n                    return value\n            except self._ignored_exceptions as exc:\n                screen = getattr(exc, 'screen', None)\n                stacktrace = getattr(exc, 'stacktrace', None)\n            time.sleep(self._poll)\n            if time.time() > end_time:\n                break\n>       raise TimeoutException(message, screen, stacktrace)\nE       selenium.common.exceptions.TimeoutException: Message:\n\n..\\..\\..\\AppData\\Local\\Programs\\Python\\Python36\\lib\\site-packages\\selenium\\webdriver\\support\\wait.py:80: TimeoutException"}, "description": "æµ‹è¯• http://10.10.128.152:10052/#/account/login ä¸‰æ–¹ï¼ˆä¼ä¸šï¼Œé“¶è¡Œï¼Œå‰ç«¯ï¼‰äº¤äº’", "attachments": [{"name": "log", "source": "beb0cad9-8ea8-4e18-9283-fd2491aecf51-attachment.txt", "type": "text/plain"}, {"name": "stdout", "source": "897bc540-009c-48f2-ac5f-8bca17e89ddc-attachment.txt", "type": "text/plain"}, {"name": "stderr", "source": "e6632c02-2ceb-49c1-98df-de33fd242d25-attachment.txt", "type": "text/plain"}], "start": 1602211260127, "stop": 1602211413201, "uuid": "5ba02a99-c22e-4f40-ac6d-4c6e90147063", "historyId": "d91e7b4392163e0b46289a9f8b97b16c", "testCaseId": "ff94b3cb02e8ba4f94c9f712dc0dd88c", "fullName": "test_flow.test_Tripartite_interaction.test_Tripartite_interaction#test_Tripartite_interaction", "labels": [{"name": "severity", "value": "blocker"}, {"name": "tag", "value": "run(order=-1)"}, {"name": "parentSuite", "value": "test_flow.test_Tripartite_interaction"}, {"name": "suite", "value": "test_Tripartite_interaction"}, {"name": "host", "value": "A02-03-00033"}, {"name": "thread", "value": "276-MainThread"}, {"name": "framework", "value": "pytest"}, {"name": "language", "value": "cpython3"}, {"name": "package", "value": "test_flow.test_Tripartite_interaction.test_Tripartite_interaction"}], "links": [{"type": "test_case", "url": "http://10.10.128.152:10052/#/account/login", "name": "ä¸‰æ–¹ï¼ˆä¼ä¸šï¼Œé“¶è¡Œï¼Œå‰ç«¯ï¼‰äº¤äº’ ğŸ‘‡"}]}