{"name": "test_businessInforReg", "status": "broken", "statusDetails": {"message": "selenium.common.exceptions.UnexpectedTagNameException: Message: Select only works on <select> elements, not on <span>", "trace": "@pytest.mark.run(order=1)\n    @allure.severity(\"blocker\")\n    @allure.description(\"ÊµãËØï http://10.10.128.152:10053/personal/baseinfo ‰ºÅ‰∏öËÆ§ËØÅ\")\n    @allure.testcase(\"http://10.10.128.152:10053/personal/baseinfo\", \"‰ºÅ‰∏öËÆ§ËØÅ üëá\")\n    def test_businessInforReg():\n        def_name = sys._getframe().f_code.co_name\n        test_Assert = Assert.Assertions(def_name)\n        logger.info(\"ÂºÄÂßãÊâßË°åËÑöÊú¨%s:\\n\", def_name)\n    \n        driver = webdriver.Chrome()\n        driver.maximize_window()\n        driver.get(\"http://10.10.128.152:10053/user/login\")\n    \n        # ÁôªÈôÜÈ°µÈù¢\n        login(driver)\n        waitUntilDisplay(driver, test_businessInfoReg.txt_aut_css.value)\n        txt_auTitle = driver.find_element_by_css_selector(test_businessInfoReg.txt_aut_css.value).text\n        test_Assert.assert_text_ui(txt_auTitle, '‰ºÅ‰∏öÂü∫Êú¨ËµÑÊñô')\n        logger.info(\"‰ºÅ‰∏öÂü∫Êú¨ËµÑÊñôÁîªÈù¢Ê≠£Â∏∏ÊòæÁ§∫\")\n    \n        driver.find_element_by_css_selector(test_businessInfoReg.input_companyName_css.value).send_keys(\"ËØöÊ≥∞ÁßëÊäÄ-test\")\n        driver.find_element_by_css_selector(test_businessInfoReg.input_companyCode_css.value).send_keys(\"92520628MA6FK07055\")\n        driver.find_element_by_css_selector(test_businessInfoReg.input_legalPersonName_css.value).send_keys(\"ÈªÑÂ∞èÊòé\")\n        driver.find_element_by_css_selector(test_businessInfoReg.input_legalPersonCardNo_css.value).send_keys(\"110101199003077096\")\n        driver.find_element_by_css_selector(test_businessInfoReg.input_legalPersonAddress_css.value).send_keys(\"‰∏äÊµ∑Â∏ÇÊµ¶‰∏úÊñ∞Âå∫ÈôÜÂÆ∂Âò¥ÈáëÁ†ñÂ§ßÂé¶\")\n        driver.find_element_by_css_selector(test_businessInfoReg.input_legalPersonPostCode_css.value).send_keys(\"200120\")\n        driver.find_element_by_css_selector(test_businessInfoReg.input_legalPersonIndustry_css.value).send_keys(\"ÈáëËûç\")\n    \n        picture_dir = os.getcwd() + '\\\\test_data\\\\picture\\\\id_3.jpg'\n        driver.find_element_by_css_selector(test_businessInfoReg.upload_legalPersonCertificate_css.value).send_keys(picture_dir)\n    \n        driver.find_element_by_css_selector(test_businessInfoReg.upload_legalPersonBankNo_css.value).send_keys(\"6217996620000156427\")\n    \n        el = driver.find_element_by_css_selector(test_businessInfoReg.Sel_bankName.value)\n>       Select(el).select_by_index(1)\n\ntest_flow\\test_Authentication\\test_businessInfoReg.py:55: \n_ _ _ _ _ _ _ _ _ _ _ _ _ _ _ _ _ _ _ _ _ _ _ _ _ _ _ _ _ _ _ _ _ _ _ _ _ _ _ _\n\nself = <selenium.webdriver.support.select.Select object at 0x0000028950111AF0>\nwebelement = <selenium.webdriver.remote.webelement.WebElement (session=\"f3702de009fef4697685dcf55f088e7c\", element=\"0.5768058445141164-15\")>\n\n    def __init__(self, webelement):\n        \"\"\"\n        Constructor. A check is made that the given element is, indeed, a SELECT tag. If it is not,\n        then an UnexpectedTagNameException is thrown.\n    \n        :Args:\n         - webelement - element SELECT element to wrap\n    \n        Example:\n            from selenium.webdriver.support.ui import Select \\n\n            Select(driver.find_element_by_tag_name(\"select\")).select_by_index(2)\n        \"\"\"\n        if webelement.tag_name.lower() != \"select\":\n>           raise UnexpectedTagNameException(\n                \"Select only works on <select> elements, not on <%s>\" %\n                webelement.tag_name)\nE           selenium.common.exceptions.UnexpectedTagNameException: Message: Select only works on <select> elements, not on <span>\n\n..\\venv\\lib\\site-packages\\selenium\\webdriver\\support\\select.py:37: UnexpectedTagNameException"}, "description": "ÊµãËØï http://10.10.128.152:10053/personal/baseinfo ‰ºÅ‰∏öËÆ§ËØÅ", "attachments": [{"name": "log", "source": "670bc4cb-e7bd-4327-950a-2e9ab7cd0d26-attachment.txt", "type": "text/plain"}, {"name": "stderr", "source": "e30ae75a-f216-4f7f-8684-f0001c6a76a7-attachment.txt", "type": "text/plain"}], "start": 1596767694241, "stop": 1596767716880, "uuid": "533ba6ee-ce02-4231-9bdd-82323d5a49d6", "historyId": "673c6cf796d54f5cbc2e9852ef4f69c7", "testCaseId": "b3e74db3e441c16c318663de4be2f7da", "fullName": "test_flow.test_Authentication.test_businessInfoReg#test_businessInforReg", "labels": [{"name": "severity", "value": "blocker"}, {"name": "tag", "value": "run(order=1)"}, {"name": "parentSuite", "value": "test_flow.test_Authentication"}, {"name": "suite", "value": "test_businessInfoReg"}, {"name": "host", "value": "A02-03-00033"}, {"name": "thread", "value": "16732-MainThread"}, {"name": "framework", "value": "pytest"}, {"name": "language", "value": "cpython3"}, {"name": "package", "value": "test_flow.test_Authentication.test_businessInfoReg"}], "links": [{"type": "test_case", "url": "http://10.10.128.152:10053/personal/baseinfo", "name": "‰ºÅ‰∏öËÆ§ËØÅ üëá"}]}