{"name": "test_companyPassForget", "status": "failed", "statusDetails": {"message": "AssertionError", "trace": "@pytest.mark.run(order=2)\n    @allure.severity(\"blocker\")\n    @allure.description(\"æµ‹è¯• http://10.10.128.152:10053/user/forget ä¸­å°å¾®ä¼ä¸šå¯†ç ä¿®æ”¹æµç¨‹\")\n    @allure.testcase(\"http://10.10.128.152:10053/user/forget\", \"å¯†ç ä¿®æ”¹ ğŸ‘‡\")\n    def test_companyPassForget():\n        def_name = sys._getframe().f_code.co_name\n        test_Assert = Assert.Assertions(def_name)\n        logger.info(\"å¼€å§‹æ‰§è¡Œè„šæœ¬%s:\\n\", def_name)\n    \n        driver = webdriver.Chrome()\n        driver.maximize_window()\n        driver.get(\"http://10.10.128.152:10053/user/forget\")\n    \n        driver.find_element_by_css_selector(loginOn.input_actForget_css.value).send_keys(act)\n        driver.find_element_by_css_selector(loginOn.input_codeForget_css.value).send_keys(' ')\n        waitUntilClick(driver, loginOn.btn_phoneCodeForget_css.value)\n        driver.find_element_by_css_selector(loginOn.btn_phoneCodeForget_css.value).click()\n    \n        sleep(20)\n    \n        # å¯†ç é‡ç½®é¡µé¢\n        waitUntilClick(driver, loginOn.btn_next_css.value)\n        driver.find_element_by_css_selector(loginOn.btn_next_css.value).click()\n        waitUntilDisplay(driver, loginOn.txt_pwd_css.value)\n        textAct = driver.find_element_by_css_selector(loginOn.txt_pwd_css.value).text\n>       test_Assert.assert_text_ui(textAct, 'é‡ç½®å¯†ç ')\n\ntest_flow\\test_Authentication\\test_login.py:105: \n_ _ _ _ _ _ _ _ _ _ _ _ _ _ _ _ _ _ _ _ _ _ _ _ _ _ _ _ _ _ _ _ _ _ _ _ _ _ _ _\n\nself = <common.Assert.Assertions object at 0x00000171CF803190>\nactul_result = 'å®‰å…¨éªŒè¯', except_result = 'é‡ç½®å¯†ç '\n\n    def assert_text_ui(self, actul_result, except_result):\n        \"\"\"\n        éªŒè¯UIè‡ªåŠ¨åŒ–å®é™…å€¼å’ŒæœŸå¾…å€¼æ˜¯å¦ç›¸åŒ\n        :param except_result:\n        :param actul_result:\n        \"\"\"\n        try:\n>           assert actul_result == except_result\nE           AssertionError\n\ncommon\\Assert.py:122: AssertionError"}, "description": "æµ‹è¯• http://10.10.128.152:10053/user/forget ä¸­å°å¾®ä¼ä¸šå¯†ç ä¿®æ”¹æµç¨‹", "attachments": [{"name": "log", "source": "820592b7-7f7c-49f2-927e-809a6d630814-attachment.txt", "type": "text/plain"}, {"name": "stderr", "source": "18865d82-5909-410d-84fb-9c1f7556af71-attachment.txt", "type": "text/plain"}], "start": 1596676141800, "stop": 1596676172101, "uuid": "16a5c99d-b0a1-4811-a535-c9eb5cc7889b", "historyId": "acb9067300dee3cf493bfb42da37b2a5", "testCaseId": "a8971fb278bb1d68af7eaba0f3792b65", "fullName": "test_flow.test_Authentication.test_login#test_companyPassForget", "labels": [{"name": "severity", "value": "blocker"}, {"name": "tag", "value": "run(order=2)"}, {"name": "parentSuite", "value": "test_flow.test_Authentication"}, {"name": "suite", "value": "test_login"}, {"name": "host", "value": "A02-03-00033"}, {"name": "thread", "value": "13340-MainThread"}, {"name": "framework", "value": "pytest"}, {"name": "language", "value": "cpython3"}, {"name": "package", "value": "test_flow.test_Authentication.test_login"}], "links": [{"type": "test_case", "url": "http://10.10.128.152:10053/user/forget", "name": "å¯†ç ä¿®æ”¹ ğŸ‘‡"}]}