{"name": "test_Tripartite_interaction", "status": "broken", "statusDetails": {"message": "selenium.common.exceptions.TimeoutException: Message:", "trace": "@pytest.mark.run(order=-1)\n    @allure.severity(\"blocker\")\n    @allure.description(\"æµ‹è¯• http://10.10.128.152:10052/#/account/login ä¸‰æ–¹ï¼ˆä¼ä¸šï¼Œé“¶è¡Œï¼Œå‰ç«¯ï¼‰äº¤äº’\")\n    @allure.testcase(\"http://10.10.128.152:10052/#/account/login\", \"ä¸‰æ–¹ï¼ˆä¼ä¸šï¼Œé“¶è¡Œï¼Œå‰ç«¯ï¼‰äº¤äº’ ğŸ‘‡\")\n    def test_Tripartite_interaction():\n        def_name = sys._getframe().f_code.co_name\n        logger.info(\"å¼€å§‹æ‰§è¡Œè„šæœ¬%s:\\n\", def_name)\n    \n        # å‰ç«¯è´¦æˆ·æˆä¿¡ç”³è¯·\n        if runMode == 'UI':\n            driver_forward = webdriver.Chrome()\n            driver_forward.maximize_window()\n            driver_forward.get(url_forward)\n            logger.info('å‰ç«¯è´¦æˆ·ç™»å½•æˆä¿¡ç”³è¯·')\n            login(driver_forward)\n>           creditExtension(driver_forward)\n\ntest_flow\\test_Tripartite_interaction\\test_Tripartite_interaction.py:147: \n_ _ _ _ _ _ _ _ _ _ _ _ _ _ _ _ _ _ _ _ _ _ _ _ _ _ _ _ _ _ _ _ _ _ _ _ _ _ _ _\ntest_flow\\test_Tripartite_interaction\\test_Tripartite_interaction.py:226: in creditExtension\n    waitUntilClick_xpath(driver_forward, path)\ncommon\\BaseFunction.py:45: in waitUntilClick_xpath\n    WebDriverWait(driver, 30).until(EC.element_to_be_clickable((By.XPATH, ByXpath)))\n_ _ _ _ _ _ _ _ _ _ _ _ _ _ _ _ _ _ _ _ _ _ _ _ _ _ _ _ _ _ _ _ _ _ _ _ _ _ _ _\n\nself = <selenium.webdriver.support.wait.WebDriverWait (session=\"d392bd9823ef8d6dac588c64b6538fe2\")>\nmethod = <selenium.webdriver.support.expected_conditions.element_to_be_clickable object at 0x000002496739B6A0>\nmessage = ''\n\n    def until(self, method, message=''):\n        \"\"\"Calls the method provided with the driver as an argument until the \\\n        return value is not False.\"\"\"\n        screen = None\n        stacktrace = None\n    \n        end_time = time.time() + self._timeout\n        while True:\n            try:\n                value = method(self._driver)\n                if value:\n                    return value\n            except self._ignored_exceptions as exc:\n                screen = getattr(exc, 'screen', None)\n                stacktrace = getattr(exc, 'stacktrace', None)\n            time.sleep(self._poll)\n            if time.time() > end_time:\n                break\n>       raise TimeoutException(message, screen, stacktrace)\nE       selenium.common.exceptions.TimeoutException: Message:\n\n..\\..\\..\\AppData\\Local\\Programs\\Python\\Python36\\lib\\site-packages\\selenium\\webdriver\\support\\wait.py:80: TimeoutException"}, "description": "æµ‹è¯• http://10.10.128.152:10052/#/account/login ä¸‰æ–¹ï¼ˆä¼ä¸šï¼Œé“¶è¡Œï¼Œå‰ç«¯ï¼‰äº¤äº’", "attachments": [{"name": "log", "source": "0368a7cb-26b0-48d4-be1d-30cc4abc3173-attachment.txt", "type": "text/plain"}, {"name": "stderr", "source": "4f8d306c-c97a-4273-842d-192bb0e1cf2e-attachment.txt", "type": "text/plain"}], "start": 1602825353332, "stop": 1602825396862, "uuid": "599beec9-1d51-4cdb-956e-1925adeeea40", "historyId": "d91e7b4392163e0b46289a9f8b97b16c", "testCaseId": "ff94b3cb02e8ba4f94c9f712dc0dd88c", "fullName": "test_flow.test_Tripartite_interaction.test_Tripartite_interaction#test_Tripartite_interaction", "labels": [{"name": "severity", "value": "blocker"}, {"name": "tag", "value": "run(order=-1)"}, {"name": "parentSuite", "value": "test_flow.test_Tripartite_interaction"}, {"name": "suite", "value": "test_Tripartite_interaction"}, {"name": "host", "value": "A02-03-00033"}, {"name": "thread", "value": "11512-MainThread"}, {"name": "framework", "value": "pytest"}, {"name": "language", "value": "cpython3"}, {"name": "package", "value": "test_flow.test_Tripartite_interaction.test_Tripartite_interaction"}], "links": [{"type": "test_case", "url": "http://10.10.128.152:10052/#/account/login", "name": "ä¸‰æ–¹ï¼ˆä¼ä¸šï¼Œé“¶è¡Œï¼Œå‰ç«¯ï¼‰äº¤äº’ ğŸ‘‡"}]}