{"name": "test_Tripartite_interaction", "status": "broken", "statusDetails": {"message": "selenium.common.exceptions.TimeoutException: Message:", "trace": "@pytest.mark.run(order=-1)\n    @allure.severity(\"blocker\")\n    @allure.description(\"æµ‹è¯• http://10.10.128.152:10052/#/account/login ä¸‰æ–¹ï¼ˆä¼ä¸šï¼Œé“¶è¡Œï¼Œå‰ç«¯ï¼‰äº¤äº’\")\n    @allure.testcase(\"http://10.10.128.152:10052/#/account/login\", \"ä¸‰æ–¹ï¼ˆä¼ä¸šï¼Œé“¶è¡Œï¼Œå‰ç«¯ï¼‰äº¤äº’ ğŸ‘‡\")\n    def test_Tripartite_interaction():\n        def_name = sys._getframe().f_code.co_name\n        logger.info(\"å¼€å§‹æ‰§è¡Œè„šæœ¬%s:\\n\", def_name)\n    \n        # # å‰ç«¯è´¦æˆ·æˆä¿¡ç”³è¯·\n        driver_forward = webdriver.Chrome()\n        driver_forward.maximize_window()\n        driver_forward.get(url_forward)\n        logger.info('å‰ç«¯è´¦æˆ·ç™»å½•æˆä¿¡ç”³è¯·')\n        login(driver_forward)\n>       creditExtension(driver_forward)\n\ntest_flow\\test_Tripartite_interaction\\test_Tripartite_interaction.py:145: \n_ _ _ _ _ _ _ _ _ _ _ _ _ _ _ _ _ _ _ _ _ _ _ _ _ _ _ _ _ _ _ _ _ _ _ _ _ _ _ _\ntest_flow\\test_Tripartite_interaction\\test_Tripartite_interaction.py:228: in creditExtension\n    waitUntilClick(driver_forward, path_Tripartite_interaction.btn_next2_css.value)\ncommon\\BaseFunction.py:24: in waitUntilClick\n    WebDriverWait(driver, 30).until(EC.element_to_be_clickable((By.CSS_SELECTOR, ByCss)))\n_ _ _ _ _ _ _ _ _ _ _ _ _ _ _ _ _ _ _ _ _ _ _ _ _ _ _ _ _ _ _ _ _ _ _ _ _ _ _ _\n\nself = <selenium.webdriver.support.wait.WebDriverWait (session=\"5691bde0b6e847df3feed0d54787f0fb\")>\nmethod = <selenium.webdriver.support.expected_conditions.element_to_be_clickable object at 0x0000015863E0E760>\nmessage = ''\n\n    def until(self, method, message=''):\n        \"\"\"Calls the method provided with the driver as an argument until the \\\n        return value is not False.\"\"\"\n        screen = None\n        stacktrace = None\n    \n        end_time = time.time() + self._timeout\n        while True:\n            try:\n                value = method(self._driver)\n                if value:\n                    return value\n            except self._ignored_exceptions as exc:\n                screen = getattr(exc, 'screen', None)\n                stacktrace = getattr(exc, 'stacktrace', None)\n            time.sleep(self._poll)\n            if time.time() > end_time:\n                break\n>       raise TimeoutException(message, screen, stacktrace)\nE       selenium.common.exceptions.TimeoutException: Message:\n\n..\\venv\\lib\\site-packages\\selenium\\webdriver\\support\\wait.py:80: TimeoutException"}, "description": "æµ‹è¯• http://10.10.128.152:10052/#/account/login ä¸‰æ–¹ï¼ˆä¼ä¸šï¼Œé“¶è¡Œï¼Œå‰ç«¯ï¼‰äº¤äº’", "attachments": [{"name": "log", "source": "3fa21d03-e41b-4f32-be18-20a49b862b03-attachment.txt", "type": "text/plain"}, {"name": "stderr", "source": "7614937c-f762-40bf-9fca-e134ccbe32a1-attachment.txt", "type": "text/plain"}], "start": 1600245276749, "stop": 1600245324787, "uuid": "bf13d166-b7d2-4979-a032-ab236cc9b24e", "historyId": "d91e7b4392163e0b46289a9f8b97b16c", "testCaseId": "ff94b3cb02e8ba4f94c9f712dc0dd88c", "fullName": "test_flow.test_Tripartite_interaction.test_Tripartite_interaction#test_Tripartite_interaction", "labels": [{"name": "severity", "value": "blocker"}, {"name": "tag", "value": "run(order=-1)"}, {"name": "parentSuite", "value": "test_flow.test_Tripartite_interaction"}, {"name": "suite", "value": "test_Tripartite_interaction"}, {"name": "host", "value": "A02-03-00033"}, {"name": "thread", "value": "28008-MainThread"}, {"name": "framework", "value": "pytest"}, {"name": "language", "value": "cpython3"}, {"name": "package", "value": "test_flow.test_Tripartite_interaction.test_Tripartite_interaction"}], "links": [{"type": "test_case", "url": "http://10.10.128.152:10052/#/account/login", "name": "ä¸‰æ–¹ï¼ˆä¼ä¸šï¼Œé“¶è¡Œï¼Œå‰ç«¯ï¼‰äº¤äº’ ğŸ‘‡"}]}