{"name": "test_infoReg", "status": "broken", "statusDetails": {"message": "selenium.common.exceptions.TimeoutException: Message:", "trace": "@pytest.mark.run(order=1)\n    @allure.severity(\"blocker\")\n    @allure.description(\"æµ‹è¯• http://10.10.128.152:10053/personal/set/certification ä¸ªäººå®åè®¤è¯\")\n    @allure.testcase(\"http://10.10.128.152:10053/personal/set/certification\", \"ä¸ªäººå®åè®¤è¯ ğŸ‘‡\")\n    def test_infoReg():\n        def_name = sys._getframe().f_code.co_name\n        test_Assert = Assert.Assertions(def_name)\n        logger.info(\"å¼€å§‹æ‰§è¡Œè„šæœ¬%s:\\n\", def_name)\n    \n        # å¯¹ä¸ªäººä¿¡æ¯ä¼ä¸šä¿¡æ¯è¿›è¡Œåˆ é™¤æ“ä½œ\n        deletePerInforAndComInfor()\n        logger.info(\"å¯¹ä¸ªäººä¿¡æ¯ä¼ä¸šä¿¡æ¯è¿›è¡Œåˆ é™¤æ“ä½œ\")\n    \n        driver = webdriver.Chrome()\n        driver.maximize_window()\n        driver.get(\"http://10.10.128.152:10053/user/login\")\n    \n        # ç™»é™†é¡µé¢\n        login(driver)\n    \n        waitUntilDisplay(driver, loginOn.link_home_css.value)\n        homeText = driver.find_element_by_css_selector(loginOn.link_home_css.value)\n    \n        test_Assert.assert_text_ui(homeText.text, 'é¦–é¡µ')\n        logger.info(\"è¿›å…¥ç™»é™†é¡µé¢\")\n    \n        waitUntilDisplay(driver, path_personalInfoReg.txt_aut_css.value)\n        titleText = driver.find_element_by_css_selector(path_personalInfoReg.txt_aut_css.value)\n        test_Assert.assert_text_ui(titleText.text, 'å®åè®¤è¯')\n        logger.info(\"å®åè®¤è¯ç”»é¢æˆåŠŸæ˜¾ç¤º\")\n    \n        name = yamldict['test_personalInfoRegList']['name']\n        idNum = yamldict['test_personalInfoRegList']['id_card']\n    \n        driver.find_element_by_css_selector(path_personalInfoReg.input_name_css.value).send_keys(name)\n        driver.find_element_by_css_selector(path_personalInfoReg.input_idNum_css.value).send_keys(idNum)\n        BaseFunction.waitUntilClick(driver, path_personalInfoReg.btn_phoneNum_css.value)\n        driver.find_element_by_css_selector(path_personalInfoReg.btn_phoneNum_css.value).click()\n    \n        # sleep(20)\n    \n        picture_dir = os.getcwd()\n        pcture_dirOne = '\\\\test_data\\\\picture\\\\id_1.jpg'\n        pcture_dirTwo = '\\\\test_data\\\\picture\\\\id_2.jpg'\n        driver.find_element_by_css_selector(path_personalInfoReg.file_idPicture1_css.value).send_keys(\n            picture_dir + pcture_dirOne)\n>       waitUntilClick(driver, path_personalInfoReg.btn_deletePicture1_css.value)  # ç­‰å¾…ç›´åˆ°å›¾ç‰‡å¯è¢«åˆ é™¤\n\ntest_flow\\test_Authentication\\test_personalInfoReg.py:67: \n_ _ _ _ _ _ _ _ _ _ _ _ _ _ _ _ _ _ _ _ _ _ _ _ _ _ _ _ _ _ _ _ _ _ _ _ _ _ _ _\ncommon\\BaseFunction.py:15: in waitUntilClick\n    WebDriverWait(driver, 20).until(EC.element_to_be_clickable((By.CSS_SELECTOR, ByCss)))\n_ _ _ _ _ _ _ _ _ _ _ _ _ _ _ _ _ _ _ _ _ _ _ _ _ _ _ _ _ _ _ _ _ _ _ _ _ _ _ _\n\nself = <selenium.webdriver.support.wait.WebDriverWait (session=\"0776b6b553274638c0c8a1b3d142bf5a\")>\nmethod = <selenium.webdriver.support.expected_conditions.element_to_be_clickable object at 0x000001C9ABF29B50>\nmessage = ''\n\n    def until(self, method, message=''):\n        \"\"\"Calls the method provided with the driver as an argument until the \\\n        return value is not False.\"\"\"\n        screen = None\n        stacktrace = None\n    \n        end_time = time.time() + self._timeout\n        while True:\n            try:\n                value = method(self._driver)\n                if value:\n                    return value\n            except self._ignored_exceptions as exc:\n                screen = getattr(exc, 'screen', None)\n                stacktrace = getattr(exc, 'stacktrace', None)\n            time.sleep(self._poll)\n            if time.time() > end_time:\n                break\n>       raise TimeoutException(message, screen, stacktrace)\nE       selenium.common.exceptions.TimeoutException: Message:\n\n..\\venv\\lib\\site-packages\\selenium\\webdriver\\support\\wait.py:80: TimeoutException"}, "description": "æµ‹è¯• http://10.10.128.152:10053/personal/set/certification ä¸ªäººå®åè®¤è¯", "attachments": [{"name": "log", "source": "b42817fc-b604-46eb-8aa0-bfd7e281dce7-attachment.txt", "type": "text/plain"}, {"name": "stdout", "source": "04fc735c-3b28-49b0-b645-5b12e7c13f33-attachment.txt", "type": "text/plain"}, {"name": "stderr", "source": "6d492555-ce9e-4d33-82f3-e6a133d6c163-attachment.txt", "type": "text/plain"}], "start": 1596690270510, "stop": 1596690302090, "uuid": "fbfa5669-6652-4af8-8432-5e8b3da74291", "historyId": "28dda5313ff182aeade3becf47df4372", "testCaseId": "9cbf013f05cb6ad37536fb98be3bcb37", "fullName": "test_flow.test_Authentication.test_personalInfoReg#test_infoReg", "labels": [{"name": "severity", "value": "blocker"}, {"name": "tag", "value": "run(order=1)"}, {"name": "parentSuite", "value": "test_flow.test_Authentication"}, {"name": "suite", "value": "test_personalInfoReg"}, {"name": "host", "value": "A02-03-00033"}, {"name": "thread", "value": "14836-MainThread"}, {"name": "framework", "value": "pytest"}, {"name": "language", "value": "cpython3"}, {"name": "package", "value": "test_flow.test_Authentication.test_personalInfoReg"}], "links": [{"type": "test_case", "url": "http://10.10.128.152:10053/personal/set/certification", "name": "ä¸ªäººå®åè®¤è¯ ğŸ‘‡"}]}