{"name": "test_backStageActCreate", "status": "broken", "statusDetails": {"message": "selenium.common.exceptions.TimeoutException: Message:", "trace": "@pytest.mark.run(order=5)\n    @allure.severity(\"blocker\")\n    @allure.description(\"http://10.10.128.152:10052/#/authority/mechanism åå°æœºæ„åˆ›å»º\")\n    @allure.testcase(\"http://10.10.128.152:10052/#/authority/mechanism\", \"åå°æœºæ„åˆ›å»º ğŸ‘‡\")\n    def test_backStageActCreate():\n        def_name = sys._getframe().f_code.co_name\n        logger.info(\"å¼€å§‹æ‰§è¡Œè„šæœ¬%s:\\n\", def_name)\n        if jenkins:\n            option = webdriver.ChromeOptions()\n            option.add_argument('headless')  # æµè§ˆå™¨ä¸æä¾›å¯è§†åŒ–é¡µé¢\n            option.add_argument('no-sandbox')  # ä»¥æœ€é«˜æƒé™è¿è¡Œ\n            option.add_argument('--start-maximized')  # æœ€å¤§åŒ–è¿è¡Œï¼ˆå…¨å±çª—å£ï¼‰è®¾ç½®å…ƒç´ å®šä½æ¯”è¾ƒå‡†ç¡®\n            option.add_argument('--disable-gpu')  # è°·æ­Œæ–‡æ¡£æåˆ°éœ€è¦åŠ ä¸Šè¿™ä¸ªå±æ€§æ¥è§„é¿bug\n            option.add_argument('--window-size=1920,1080')  # è®¾ç½®æµè§ˆå™¨åˆ†è¾¨ç‡ï¼ˆçª—å£å¤§å°ï¼‰\n            driver = webdriver.Chrome(options=option)\n        else:\n            driver = webdriver.Chrome(executable_path=driverPath)\n        driver.maximize_window()\n        driver.get(url_back)\n    \n        # ç™»é™†é¡µé¢\n        backStageLogin(driver, act, pwd, 0)\n        if delete_flag == 0:\n            deleteOrgInfor()\n            logger.info('æœºæ„ä¿¡æ¯DBåˆ é™¤')\n        sleep(2)\n        driver.find_element_by_xpath(path_backStage_authentication.btn_jurisdiction_xpath.value).click()\n        sleep(1)\n        el = driver.find_element_by_xpath(path_backStage_authentication.btn_mechanism_xpath.value)\n        actionChainsClick(driver, el)\n    \n>       waitUntilClick(driver, path_backStage_authentication.btn_addMechanism_css.value)\n\ntest_flow\\test_Authentication\\test_backStage_authentication.py:201: \n_ _ _ _ _ _ _ _ _ _ _ _ _ _ _ _ _ _ _ _ _ _ _ _ _ _ _ _ _ _ _ _ _ _ _ _ _ _ _ _\ncommon\\BaseFunction.py:33: in waitUntilClick\n    WebDriverWait(driver, 30).until(EC.element_to_be_clickable((By.CSS_SELECTOR, ByCss)))\n_ _ _ _ _ _ _ _ _ _ _ _ _ _ _ _ _ _ _ _ _ _ _ _ _ _ _ _ _ _ _ _ _ _ _ _ _ _ _ _\n\nself = <selenium.webdriver.support.wait.WebDriverWait (session=\"f8c470aa470524e75176ed9b72ce0e35\")>\nmethod = <selenium.webdriver.support.expected_conditions.element_to_be_clickable object at 0x000001E4FEF9EF60>\nmessage = ''\n\n    def until(self, method, message=''):\n        \"\"\"Calls the method provided with the driver as an argument until the \\\n        return value is not False.\"\"\"\n        screen = None\n        stacktrace = None\n    \n        end_time = time.time() + self._timeout\n        while True:\n            try:\n                value = method(self._driver)\n                if value:\n                    return value\n            except self._ignored_exceptions as exc:\n                screen = getattr(exc, 'screen', None)\n                stacktrace = getattr(exc, 'stacktrace', None)\n            time.sleep(self._poll)\n            if time.time() > end_time:\n                break\n>       raise TimeoutException(message, screen, stacktrace)\nE       selenium.common.exceptions.TimeoutException: Message:\n\n..\\..\\..\\AppData\\Local\\Programs\\Python\\Python36\\lib\\site-packages\\selenium\\webdriver\\support\\wait.py:80: TimeoutException"}, "description": "http://10.10.128.152:10052/#/authority/mechanism åå°æœºæ„åˆ›å»º", "attachments": [{"name": "log", "source": "39758300-0c65-47ea-a10a-ef93c8b74c06-attachment.txt", "type": "text/plain"}, {"name": "stdout", "source": "dc5b39a2-e3fd-4321-b8a6-1d4322a681b5-attachment.txt", "type": "text/plain"}, {"name": "stderr", "source": "f9cb85cb-c1a0-4d57-b852-4e94d1c9a25e-attachment.txt", "type": "text/plain"}], "start": 1608085649396, "stop": 1608085694234, "uuid": "73b201d5-f2a7-42ae-beb9-e103e21581f1", "historyId": "d85ebd52118862a52004a5c4faaac530", "testCaseId": "a31d114e539ddd68bc16811c7dd64910", "fullName": "test_flow.test_Authentication.test_backStage_authentication#test_backStageActCreate", "labels": [{"name": "severity", "value": "blocker"}, {"name": "tag", "value": "run(order=5)"}, {"name": "parentSuite", "value": "test_flow.test_Authentication"}, {"name": "suite", "value": "test_backStage_authentication"}, {"name": "host", "value": "A02-03-00033"}, {"name": "thread", "value": "2436-MainThread"}, {"name": "framework", "value": "pytest"}, {"name": "language", "value": "cpython3"}, {"name": "package", "value": "test_flow.test_Authentication.test_backStage_authentication"}], "links": [{"type": "test_case", "url": "http://10.10.128.152:10052/#/authority/mechanism", "name": "åå°æœºæ„åˆ›å»º ğŸ‘‡"}]}