{"name": "test_companyRegister", "status": "broken", "statusDetails": {"message": "selenium.common.exceptions.TimeoutException: Message:", "trace": "@pytest.mark.run(order=1)\n    @allure.severity(\"blocker\")\n    @allure.description(\"ÊµãËØï http://10.10.128.152:10053/user/register ‰∏≠Â∞èÂæÆ‰ºÅ‰∏öÊ≥®ÂÜåÊµÅÁ®ã\")\n    @allure.testcase(\"http://10.10.128.152:10053/user/register\", \"Ê≥®ÂÜå üëá\")\n    def test_companyRegister():\n        if runMode == 'UI':\n            def_name = sys._getframe().f_code.co_name\n            test_Assert = Assert.Assertions(def_name)\n            logger.info(\"ÂºÄÂßãÊâßË°åËÑöÊú¨%s:\\n\", def_name)\n    \n            driver = webdriver.Chrome()\n            driver.maximize_window()\n            driver.get(url_ui_register)\n            # db‰∏≠Ê∏ÖÈô§Â∑≤Ê≥®ÂÜåÁöÑË¥¶Êà∑\n            deleteInforMobile()\n            logger.info(\"ÂØπÂ∑≤Ê≥®ÂÜåÁöÑË¥¶Êà∑ËøõË°åÂà†Èô§Êìç‰Ωú\")\n            sleep(1)\n            waitUntilClick(driver, loginOn.btn_agree_css.value)\n            driver.find_element_by_css_selector(loginOn.btn_agree_css.value).click()\n    \n            waitUntilDisplay(driver, loginOn.input_act_css.value)\n            driver.find_element_by_css_selector(loginOn.input_act_css.value).send_keys(act)\n            driver.find_element_by_css_selector(loginOn.input_pwd_css.value).send_keys(pwd)\n            driver.find_element_by_css_selector(loginOn.input_conPwd_css.value).send_keys(pwd)\n            waitUntilClick(driver, loginOn.btn_phoneCode_css.value)\n            sleep(2)\n            flushDb()\n            driver.find_element_by_css_selector(loginOn.btn_phoneCode_css.value).click()\n    \n            while 1:\n                message = getPhoneMessage().get(\"regMes\")\n                if message is None:\n                    sleep(0.5)\n                    continue\n                else:\n                    break\n    \n            driver.find_element_by_css_selector(loginOn.input_phoneCode_css.value).send_keys(message.strip().strip('\"'))\n            waitUntilClick(driver, loginOn.btn_agreeReg.value)\n            driver.find_element_by_css_selector(loginOn.btn_agreeReg.value).click()\n    \n            title = driver.title\n            test_Assert.assert_text_ui(title, '‰∏≠Â∞èÂæÆ‰ºÅ‰∏öÈáëËûçÊúçÂä°ËÅöÂêàÂπ≥Âè∞')\n            logger.info(\"Ê≥®ÂÜåÊàêÂäüÔºåËøîÂõûÂà∞ÁôªÈôÜÈ°µÈù¢\")\n            sleep(1)\n            driver.quit()\n        else:\n            deleteInforMobile()  # Âà†Èô§‰∏™‰∫∫‰ø°ÊÅØ\n            startWeinxin()\n            waiteForClick(mobileDriver(text='‰∏ÄÈîÆÂæÆ‰ø°ÊéàÊùÉÁôªÂΩï'))\n            waiteForClick(mobileDriver(text='ÂÖÅËÆ∏'))\n            waiteForClick(mobileDriver(text='ÊéàÊùÉÊâãÊú∫Âè∑'))\n            waiteForClick(mobileDriver(text='ÂÖÅËÆ∏'))\n    \n            logger.info(\"PC Á´ØËøõË°åÂØÜÁ†Å‰øÆÊîπ\")\n>           companyPassForget(act)\n\ntest_flow\\test_Authentication\\test_login.py:103: \n_ _ _ _ _ _ _ _ _ _ _ _ _ _ _ _ _ _ _ _ _ _ _ _ _ _ _ _ _ _ _ _ _ _ _ _ _ _ _ _\ntest_flow\\test_Authentication\\test_login.py:189: in companyPassForget\n    waitUntilClick(driver, loginOn.btn_nextPwd1_css.value)\ncommon\\BaseFunction.py:29: in waitUntilClick\n    WebDriverWait(driver, 30).until(EC.element_to_be_clickable((By.CSS_SELECTOR, ByCss)))\n_ _ _ _ _ _ _ _ _ _ _ _ _ _ _ _ _ _ _ _ _ _ _ _ _ _ _ _ _ _ _ _ _ _ _ _ _ _ _ _\n\nself = <selenium.webdriver.support.wait.WebDriverWait (session=\"71f0d90adb5485e67dd378372e63c329\")>\nmethod = <selenium.webdriver.support.expected_conditions.element_to_be_clickable object at 0x000001DB4DE65A20>\nmessage = ''\n\n    def until(self, method, message=''):\n        \"\"\"Calls the method provided with the driver as an argument until the \\\n        return value is not False.\"\"\"\n        screen = None\n        stacktrace = None\n    \n        end_time = time.time() + self._timeout\n        while True:\n            try:\n                value = method(self._driver)\n                if value:\n                    return value\n            except self._ignored_exceptions as exc:\n                screen = getattr(exc, 'screen', None)\n                stacktrace = getattr(exc, 'stacktrace', None)\n            time.sleep(self._poll)\n            if time.time() > end_time:\n                break\n>       raise TimeoutException(message, screen, stacktrace)\nE       selenium.common.exceptions.TimeoutException: Message:\n\n..\\..\\..\\AppData\\Local\\Programs\\Python\\Python36\\lib\\site-packages\\selenium\\webdriver\\support\\wait.py:80: TimeoutException"}, "description": "ÊµãËØï http://10.10.128.152:10053/user/register ‰∏≠Â∞èÂæÆ‰ºÅ‰∏öÊ≥®ÂÜåÊµÅÁ®ã", "attachments": [{"name": "log", "source": "400b6eff-aaf7-46aa-a9a6-12364905bd9a-attachment.txt", "type": "text/plain"}, {"name": "stdout", "source": "1ad1d3b2-6c16-477d-82c1-600167c137df-attachment.txt", "type": "text/plain"}, {"name": "stderr", "source": "c91b6078-9bc9-428b-b349-e7f9c3d0e67b-attachment.txt", "type": "text/plain"}], "start": 1602495036992, "stop": 1602495097339, "uuid": "16cae683-c4ca-4666-aa35-e8ad8af7db76", "historyId": "dd0646a5c1a798e47c4f25747509dea9", "testCaseId": "1fe2bac8daa9cfa6b5ae5069ce9a9205", "fullName": "test_flow.test_Authentication.test_login#test_companyRegister", "labels": [{"name": "severity", "value": "blocker"}, {"name": "tag", "value": "run(order=1)"}, {"name": "parentSuite", "value": "test_flow.test_Authentication"}, {"name": "suite", "value": "test_login"}, {"name": "host", "value": "A02-03-00033"}, {"name": "thread", "value": "14828-MainThread"}, {"name": "framework", "value": "pytest"}, {"name": "language", "value": "cpython3"}, {"name": "package", "value": "test_flow.test_Authentication.test_login"}], "links": [{"type": "test_case", "url": "http://10.10.128.152:10053/user/register", "name": "Ê≥®ÂÜå üëá"}]}