{"name": "test_businessInforReg", "status": "broken", "statusDetails": {"message": "selenium.common.exceptions.NoSuchElementException: Message: no such element: Unable to locate element: {\"method\":\"xpath\",\"selector\":\"//*[@id=\"root\"]/div/div[2]/div/div[2]/div/div/div/div[2]/div/div/span\"}\n  (Session info: chrome=74.0.3729.108)\n  (Driver info: chromedriver=74.0.3729.6 (255758eccf3d244491b8a1317aa76e1ce10d57e9-refs/branch-heads/3729@{#29}),platform=Windows NT 10.0.18363 x86_64)", "trace": "@pytest.mark.run(order=3)\n    @allure.severity(\"blocker\")\n    @allure.description(\"ÊµãËØï http://10.10.128.152:10053/personal/baseinfo ‰ºÅ‰∏öËÆ§ËØÅ\")\n    @allure.testcase(\"http://10.10.128.152:10053/personal/baseinfo\", \"‰ºÅ‰∏öËÆ§ËØÅ üëá\")\n    def test_businessInforReg():\n        if runMode == 'UI':\n            def_name = sys._getframe().f_code.co_name\n            test_Assert = Assert.Assertions(def_name)\n            logger.info(\"ÂºÄÂßãÊâßË°åËÑöÊú¨%s:\\n\", def_name)\n            if jenkins:\n                option = webdriver.ChromeOptions()\n                option.add_argument('headless')  # ÊµèËßàÂô®‰∏çÊèê‰æõÂèØËßÜÂåñÈ°µÈù¢\n                option.add_argument('no-sandbox')  # ‰ª•ÊúÄÈ´òÊùÉÈôêËøêË°å\n                option.add_argument('--start-maximized')  # ÊúÄÂ§ßÂåñËøêË°åÔºàÂÖ®Â±èÁ™óÂè£ÔºâËÆæÁΩÆÂÖÉÁ¥†ÂÆö‰ΩçÊØîËæÉÂáÜÁ°Æ\n                option.add_argument('--disable-gpu')  # Ë∞∑Ê≠åÊñáÊ°£ÊèêÂà∞ÈúÄË¶ÅÂä†‰∏äËøô‰∏™Â±ûÊÄßÊù•ËßÑÈÅøbug\n                option.add_argument('--window-size=1920,1080')  # ËÆæÁΩÆÊµèËßàÂô®ÂàÜËæ®ÁéáÔºàÁ™óÂè£Â§ßÂ∞èÔºâ\n                driver = webdriver.Chrome(options=option)\n            else:\n                driver = webdriver.Chrome(executable_path=driverPath)\n            driver.maximize_window()\n            driver.get(url_forward)\n    \n            # ÁôªÈôÜÈ°µÈù¢\n            login(driver)\n            waitUntilDisplay(driver, path_businessInfoReg.txt_aut_css.value)\n            txt_auTitle = driver.find_element_by_css_selector(path_businessInfoReg.txt_aut_css.value).text\n            test_Assert.assert_text_ui(txt_auTitle, '‰ºÅ‰∏öÂü∫Êú¨ËµÑÊñô')\n            logger.info(\"‰ºÅ‰∏öÂü∫Êú¨ËµÑÊñôÁîªÈù¢Ê≠£Â∏∏ÊòæÁ§∫\")\n    \n            # ‰ºÅ‰∏öËØÅ‰ª∂\n            el = driver.find_element_by_css_selector(path_businessInfoReg.input_companyName_css.value)\n            el.send_keys('ËØöÊ≥∞ËûçËµÑÁßüËµÅÔºà‰∏äÊµ∑ÔºâÊúâÈôêÂÖ¨Âè∏')\n            waitUntilDisplay_xpath(driver, path_businessInfoReg.display_name_xpath.value)\n            el.send_keys(Keys.ENTER)\n            sleep(1)\n    \n            driver.find_element_by_css_selector(path_businessInfoReg.input_legalIdCard_css.value).send_keys(\n                idNum)\n    \n            driver.find_element_by_css_selector(path_businessInfoReg.input_legalPhone_css.value).send_keys(\n                \"17621198933\")\n    \n            while True:\n                try:\n                    driver.find_element_by_css_selector(path_businessInfoReg.sel_province_css.value).click()\n                    sleep(0.5)\n                    driver.find_element_by_xpath(\"//*[text() = 'Ê≤≥ÂåóÁúÅ']\").click()\n                    break\n                except:\n                    continue\n            sleep(0.5)\n    \n            while True:\n                try:\n                    driver.find_element_by_css_selector(path_businessInfoReg.sel_city_css.value).click()\n                    sleep(0.5)\n                    driver.find_element_by_xpath(\"//*[text() = 'ÈÇØÈÉ∏Â∏Ç']\").click()\n                    break\n                except:\n                    continue\n            sleep(0.5)\n    \n            while True:\n                try:\n                    driver.find_element_by_css_selector(path_businessInfoReg.sel_area_css.value).click()\n                    sleep(0.5)\n                    driver.find_element_by_xpath(\"//*[text() = 'Â§çÂÖ¥Âå∫']\").click()\n                    break\n                except:\n                    continue\n            sleep(1)\n            driver.find_element_by_css_selector(path_businessInfoReg.input_contractAddress_css.value).send_keys(\n                \"ÈáëÁ†ñÂ§ßÂé¶10Ê•º\")\n    \n            driver.find_element_by_css_selector(path_businessInfoReg.input_legalPersonPostCode_css.value).send_keys(\n                \"200120\")\n    \n            picture_dir = os.getcwd() + '\\\\test_data\\\\picture\\\\id_3.jpg'\n            driver.find_element_by_css_selector(path_businessInfoReg.upload_legalPersonCertificate_css.value).send_keys(\n                picture_dir)\n            # ÁîüÊàêÈöèÊú∫Èì∂Ë°åÂè∑Á†Å\n            bankNO = random.randint(0, 99999999999999)\n            driver.find_element_by_css_selector(path_businessInfoReg.upload_legalPersonBankNo_css.value).send_keys(\n                str(bankNO))\n            sleep(0.5)\n            while True:\n                try:\n                    driver.find_element_by_css_selector(path_businessInfoReg.sel_bankName_css.value).click()\n                    sleep(0.5)\n                    driver.find_element_by_xpath(\"/html/body/div[6]/div/div/div/div[2]/div[1]/div/div/div[3]\").click()\n                    break\n                except:\n                    continue\n            sleep(0.5)\n            while True:\n                try:\n                    # Ê≥ïÂÆö‰ª£Ë°®‰∫∫‰ø°ÊÅØ\n                    driver.find_element_by_css_selector(path_businessInfoReg.sel_country_css.value).click()\n                    sleep(1)\n                    driver.find_element_by_xpath(\"/html/body/div[7]/div/div/div/div[2]/div[1]/div/div/div[2]\").click()\n                    break\n                except:\n                    continue\n    \n            sleep(0.5)\n            picture_dir2 = os.getcwd() + '\\\\test_data\\\\picture\\\\id_1.jpg'\n            picture_dir3 = os.getcwd() + '\\\\test_data\\\\picture\\\\id_2.jpg'\n            picture_dir4 = os.getcwd() + '\\\\test_data\\\\picture\\\\id_4.jpg'\n    \n            driver.find_element_by_css_selector(path_businessInfoReg.sel_idCard1_css.value).send_keys(\n                picture_dir2)\n            driver.find_element_by_css_selector(path_businessInfoReg.sel_idCard2_css.value).send_keys(\n                picture_dir3)\n    \n            # ÂÆûÈôÖÊéßÂà∂‰∫∫‰ø°ÊÅØ\n            sleep(1)\n            driver.find_element_by_css_selector(path_businessInfoReg.radio_controlPerson_css.value).click()\n            driver.find_element_by_css_selector(path_businessInfoReg.upload_controlPersonId1_css.value).send_keys(\n                picture_dir2)\n            driver.find_element_by_css_selector(path_businessInfoReg.upload_controlPersonId2_css.value).send_keys(\n                picture_dir3)\n            driver.find_element_by_css_selector(path_businessInfoReg.upload_controlPersonFamPic_css.value).send_keys(\n                picture_dir4)\n            sleep(1)\n            driver.find_element_by_css_selector(path_businessInfoReg.radio_legalPerson_css.value).click()\n            waitUntilClick(driver, path_businessInfoReg.bth_submit_css.value)\n            driver.find_element_by_css_selector(path_businessInfoReg.bth_submit_css.value).click()\n    \n            waitUntilDisplay(driver, path_businessInfoReg.text_atCof_css.value)\n            txt_startAuTitle = driver.find_element_by_css_selector(path_businessInfoReg.text_atCof_css.value).text\n            test_Assert.assert_text_ui(txt_startAuTitle, 'ËØ∑Á°ÆËÆ§ÂçèËÆÆÂÜÖÂÆπ')\n            logger.info(\"ÂçèËÆÆÁ°ÆËÆ§ÁîªÈù¢Ê≠£Â∏∏ÊòæÁ§∫\")\n            waitUntilClick_xpath(driver, '//*[@id=\"root\"]/div/div[2]/div/div[2]/div/div/div/div[1]/div/button')\n            sleep(1)\n>           driver.find_element_by_xpath(path_businessInfoReg.checkBox_agree_xpath.value).click()\n\ntest_flow\\test_Authentication\\test_businessInfoReg.py:163: \n_ _ _ _ _ _ _ _ _ _ _ _ _ _ _ _ _ _ _ _ _ _ _ _ _ _ _ _ _ _ _ _ _ _ _ _ _ _ _ _\n..\\..\\..\\AppData\\Local\\Programs\\Python\\Python36\\lib\\site-packages\\selenium\\webdriver\\remote\\webdriver.py:394: in find_element_by_xpath\n    return self.find_element(by=By.XPATH, value=xpath)\n..\\..\\..\\AppData\\Local\\Programs\\Python\\Python36\\lib\\site-packages\\selenium\\webdriver\\remote\\webdriver.py:978: in find_element\n    'value': value})['value']\n..\\..\\..\\AppData\\Local\\Programs\\Python\\Python36\\lib\\site-packages\\selenium\\webdriver\\remote\\webdriver.py:321: in execute\n    self.error_handler.check_response(response)\n_ _ _ _ _ _ _ _ _ _ _ _ _ _ _ _ _ _ _ _ _ _ _ _ _ _ _ _ _ _ _ _ _ _ _ _ _ _ _ _\n\nself = <selenium.webdriver.remote.errorhandler.ErrorHandler object at 0x0000023C4E826EF0>\nresponse = {'sessionId': 'c7a32340b4e412a7fd0c7c7d3a61b787', 'status': 7, 'value': {'message': 'no such element: Unable to locate...729.6 (255758eccf3d244491b8a1317aa76e1ce10d57e9-refs/branch-heads/3729@{#29}),platform=Windows NT 10.0.18363 x86_64)'}}\n\n    def check_response(self, response):\n        \"\"\"\n        Checks that a JSON response from the WebDriver does not have an error.\n    \n        :Args:\n         - response - The JSON response from the WebDriver server as a dictionary\n           object.\n    \n        :Raises: If the response contains an error message.\n        \"\"\"\n        status = response.get('status', None)\n        if status is None or status == ErrorCode.SUCCESS:\n            return\n        value = None\n        message = response.get(\"message\", \"\")\n        screen = response.get(\"screen\", \"\")\n        stacktrace = None\n        if isinstance(status, int):\n            value_json = response.get('value', None)\n            if value_json and isinstance(value_json, basestring):\n                import json\n                try:\n                    value = json.loads(value_json)\n                    if len(value.keys()) == 1:\n                        value = value['value']\n                    status = value.get('error', None)\n                    if status is None:\n                        status = value[\"status\"]\n                        message = value[\"value\"]\n                        if not isinstance(message, basestring):\n                            value = message\n                            message = message.get('message')\n                    else:\n                        message = value.get('message', None)\n                except ValueError:\n                    pass\n    \n        exception_class = ErrorInResponseException\n        if status in ErrorCode.NO_SUCH_ELEMENT:\n            exception_class = NoSuchElementException\n        elif status in ErrorCode.NO_SUCH_FRAME:\n            exception_class = NoSuchFrameException\n        elif status in ErrorCode.NO_SUCH_WINDOW:\n            exception_class = NoSuchWindowException\n        elif status in ErrorCode.STALE_ELEMENT_REFERENCE:\n            exception_class = StaleElementReferenceException\n        elif status in ErrorCode.ELEMENT_NOT_VISIBLE:\n            exception_class = ElementNotVisibleException\n        elif status in ErrorCode.INVALID_ELEMENT_STATE:\n            exception_class = InvalidElementStateException\n        elif status in ErrorCode.INVALID_SELECTOR \\\n                or status in ErrorCode.INVALID_XPATH_SELECTOR \\\n                or status in ErrorCode.INVALID_XPATH_SELECTOR_RETURN_TYPER:\n            exception_class = InvalidSelectorException\n        elif status in ErrorCode.ELEMENT_IS_NOT_SELECTABLE:\n            exception_class = ElementNotSelectableException\n        elif status in ErrorCode.ELEMENT_NOT_INTERACTABLE:\n            exception_class = ElementNotInteractableException\n        elif status in ErrorCode.INVALID_COOKIE_DOMAIN:\n            exception_class = InvalidCookieDomainException\n        elif status in ErrorCode.UNABLE_TO_SET_COOKIE:\n            exception_class = UnableToSetCookieException\n        elif status in ErrorCode.TIMEOUT:\n            exception_class = TimeoutException\n        elif status in ErrorCode.SCRIPT_TIMEOUT:\n            exception_class = TimeoutException\n        elif status in ErrorCode.UNKNOWN_ERROR:\n            exception_class = WebDriverException\n        elif status in ErrorCode.UNEXPECTED_ALERT_OPEN:\n            exception_class = UnexpectedAlertPresentException\n        elif status in ErrorCode.NO_ALERT_OPEN:\n            exception_class = NoAlertPresentException\n        elif status in ErrorCode.IME_NOT_AVAILABLE:\n            exception_class = ImeNotAvailableException\n        elif status in ErrorCode.IME_ENGINE_ACTIVATION_FAILED:\n            exception_class = ImeActivationFailedException\n        elif status in ErrorCode.MOVE_TARGET_OUT_OF_BOUNDS:\n            exception_class = MoveTargetOutOfBoundsException\n        elif status in ErrorCode.JAVASCRIPT_ERROR:\n            exception_class = JavascriptException\n        elif status in ErrorCode.SESSION_NOT_CREATED:\n            exception_class = SessionNotCreatedException\n        elif status in ErrorCode.INVALID_ARGUMENT:\n            exception_class = InvalidArgumentException\n        elif status in ErrorCode.NO_SUCH_COOKIE:\n            exception_class = NoSuchCookieException\n        elif status in ErrorCode.UNABLE_TO_CAPTURE_SCREEN:\n            exception_class = ScreenshotException\n        elif status in ErrorCode.ELEMENT_CLICK_INTERCEPTED:\n            exception_class = ElementClickInterceptedException\n        elif status in ErrorCode.INSECURE_CERTIFICATE:\n            exception_class = InsecureCertificateException\n        elif status in ErrorCode.INVALID_COORDINATES:\n            exception_class = InvalidCoordinatesException\n        elif status in ErrorCode.INVALID_SESSION_ID:\n            exception_class = InvalidSessionIdException\n        elif status in ErrorCode.UNKNOWN_METHOD:\n            exception_class = UnknownMethodException\n        else:\n            exception_class = WebDriverException\n        if value == '' or value is None:\n            value = response['value']\n        if isinstance(value, basestring):\n            if exception_class == ErrorInResponseException:\n                raise exception_class(response, value)\n            raise exception_class(value)\n        if message == \"\" and 'message' in value:\n            message = value['message']\n    \n        screen = None\n        if 'screen' in value:\n            screen = value['screen']\n    \n        stacktrace = None\n        if 'stackTrace' in value and value['stackTrace']:\n            stacktrace = []\n            try:\n                for frame in value['stackTrace']:\n                    line = self._value_or_default(frame, 'lineNumber', '')\n                    file = self._value_or_default(frame, 'fileName', '<anonymous>')\n                    if line:\n                        file = \"%s:%s\" % (file, line)\n                    meth = self._value_or_default(frame, 'methodName', '<anonymous>')\n                    if 'className' in frame:\n                        meth = \"%s.%s\" % (frame['className'], meth)\n                    msg = \"    at %s (%s)\"\n                    msg = msg % (meth, file)\n                    stacktrace.append(msg)\n            except TypeError:\n                pass\n        if exception_class == ErrorInResponseException:\n            raise exception_class(response, message)\n        elif exception_class == UnexpectedAlertPresentException:\n            alert_text = None\n            if 'data' in value:\n                alert_text = value['data'].get('text')\n            elif 'alert' in value:\n                alert_text = value['alert'].get('text')\n            raise exception_class(message, screen, stacktrace, alert_text)\n>       raise exception_class(message, screen, stacktrace)\nE       selenium.common.exceptions.NoSuchElementException: Message: no such element: Unable to locate element: {\"method\":\"xpath\",\"selector\":\"//*[@id=\"root\"]/div/div[2]/div/div[2]/div/div/div/div[2]/div/div/span\"}\nE         (Session info: chrome=74.0.3729.108)\nE         (Driver info: chromedriver=74.0.3729.6 (255758eccf3d244491b8a1317aa76e1ce10d57e9-refs/branch-heads/3729@{#29}),platform=Windows NT 10.0.18363 x86_64)\n\n..\\..\\..\\AppData\\Local\\Programs\\Python\\Python36\\lib\\site-packages\\selenium\\webdriver\\remote\\errorhandler.py:242: NoSuchElementException"}, "description": "ÊµãËØï http://10.10.128.152:10053/personal/baseinfo ‰ºÅ‰∏öËÆ§ËØÅ", "attachments": [{"name": "log", "source": "3e788188-7f61-45b2-912a-b605723c4320-attachment.txt", "type": "text/plain"}, {"name": "stderr", "source": "57549155-e312-44ae-ac55-380b0efc4849-attachment.txt", "type": "text/plain"}], "start": 1608081599837, "stop": 1608081636199, "uuid": "b2d70918-29e0-439b-96ba-66a0091b2f38", "historyId": "673c6cf796d54f5cbc2e9852ef4f69c7", "testCaseId": "b3e74db3e441c16c318663de4be2f7da", "fullName": "test_flow.test_Authentication.test_businessInfoReg#test_businessInforReg", "labels": [{"name": "severity", "value": "blocker"}, {"name": "tag", "value": "run(order=3)"}, {"name": "parentSuite", "value": "test_flow.test_Authentication"}, {"name": "suite", "value": "test_businessInfoReg"}, {"name": "host", "value": "A02-03-00033"}, {"name": "thread", "value": "14904-MainThread"}, {"name": "framework", "value": "pytest"}, {"name": "language", "value": "cpython3"}, {"name": "package", "value": "test_flow.test_Authentication.test_businessInfoReg"}], "links": [{"type": "test_case", "url": "http://10.10.128.152:10053/personal/baseinfo", "name": "‰ºÅ‰∏öËÆ§ËØÅ üëá"}]}