{"name": "test_infoReg", "status": "broken", "statusDetails": {"message": "selenium.common.exceptions.TimeoutException: Message:", "trace": "@pytest.mark.run(order=1)\n    @allure.severity(\"blocker\")\n    @allure.description(\"æµ‹è¯• http://10.10.128.152:10053/personal/set/certification ä¸ªäººå®åè®¤è¯\")\n    @allure.testcase(\"http://10.10.128.152:10053/personal/set/certification\", \"ä¸ªäººå®åè®¤è¯ ğŸ‘‡\")\n    def test_infoReg():\n        def_name = sys._getframe().f_code.co_name\n        test_Assert = Assert.Assertions(def_name)\n        logger.info(\"å¼€å§‹æ‰§è¡Œè„šæœ¬%s:\\n\", def_name)\n    \n        # å¯¹ä¸ªäººä¿¡æ¯ä¼ä¸šä¿¡æ¯è¿›è¡Œåˆ é™¤æ“ä½œ\n        deletePerInforAndComInfor()\n        logger.info(\"å¯¹ä¸ªäººä¿¡æ¯ä¼ä¸šä¿¡æ¯è¿›è¡Œåˆ é™¤æ“ä½œ\")\n    \n        driver = webdriver.Chrome()\n        driver.maximize_window()\n        driver.get(\"http://10.10.128.152:10053/user/login\")\n    \n        # ç™»é™†é¡µé¢\n        login(driver)\n    \n        waitUntilDisplay(driver, loginOn.link_home_css.value)\n        homeText = driver.find_element_by_css_selector(loginOn.link_home_css.value)\n    \n        test_Assert.assert_text_ui(homeText.text, 'é¦–é¡µ')\n        logger.info(\"è¿›å…¥ç™»é™†é¡µé¢\")\n    \n        waitUntilDisplay(driver, path_personalInfoReg.txt_aut_css.value)\n        titleText = driver.find_element_by_css_selector(path_personalInfoReg.txt_aut_css.value)\n        test_Assert.assert_text_ui(titleText.text, 'å®åè®¤è¯')\n        logger.info(\"å®åè®¤è¯ç”»é¢æˆåŠŸæ˜¾ç¤º\")\n    \n        name = yamldict['test_personalInfoRegList']['name']\n        idNum = yamldict['test_personalInfoRegList']['id_card']\n    \n        driver.find_element_by_css_selector(path_personalInfoReg.input_name_css.value).send_keys(name)\n        driver.find_element_by_css_selector(path_personalInfoReg.input_idNum_css.value).send_keys(idNum)\n        BaseFunction.waitUntilClick(driver, path_personalInfoReg.btn_phoneNum_css.value)\n        driver.find_element_by_css_selector(path_personalInfoReg.btn_phoneNum_css.value).click()\n    \n        sleep(20)\n    \n        picture_dir = os.getcwd()\n        pcture_dirOne = '\\\\test_data\\\\picture\\\\id_1.jpg'\n        pcture_dirTwo = '\\\\test_data\\\\picture\\\\id_2.jpg'\n        driver.find_element_by_css_selector(path_personalInfoReg.file_idPicture1_css.value).send_keys(\n            picture_dir + pcture_dirOne)\n        BaseFunction.waitUntilDisplay(driver, path_personalInfoReg.btn_uplaodPicture1_css.value)\n        driver.find_element_by_css_selector(path_personalInfoReg.file_idPicture2_css.value).send_keys(\n            picture_dir + pcture_dirTwo)\n        BaseFunction.waitUntilDisplay(driver, path_personalInfoReg.btn_uplaodPicture2_css.value)\n        waitUntilClick(driver, path_personalInfoReg.btn_aut_css.value)\n        driver.find_element_by_css_selector(path_personalInfoReg.btn_aut_css.value).click()\n    \n>       BaseFunction.waitUntilDisplay(driver, path_personalInfoReg.txt_auting_css.value)\n\ntest_flow\\test_Authentication\\test_personalInfoReg.py:77: \n_ _ _ _ _ _ _ _ _ _ _ _ _ _ _ _ _ _ _ _ _ _ _ _ _ _ _ _ _ _ _ _ _ _ _ _ _ _ _ _\ncommon\\BaseFunction.py:10: in waitUntilDisplay\n    WebDriverWait(driver, 20).until(EC.presence_of_element_located((By.CSS_SELECTOR, ByCss)))\n_ _ _ _ _ _ _ _ _ _ _ _ _ _ _ _ _ _ _ _ _ _ _ _ _ _ _ _ _ _ _ _ _ _ _ _ _ _ _ _\n\nself = <selenium.webdriver.support.wait.WebDriverWait (session=\"182a4a5a4982649e3cc71291860c3fb9\")>\nmethod = <selenium.webdriver.support.expected_conditions.presence_of_element_located object at 0x00000211A3B3F580>\nmessage = ''\n\n    def until(self, method, message=''):\n        \"\"\"Calls the method provided with the driver as an argument until the \\\n        return value is not False.\"\"\"\n        screen = None\n        stacktrace = None\n    \n        end_time = time.time() + self._timeout\n        while True:\n            try:\n                value = method(self._driver)\n                if value:\n                    return value\n            except self._ignored_exceptions as exc:\n                screen = getattr(exc, 'screen', None)\n                stacktrace = getattr(exc, 'stacktrace', None)\n            time.sleep(self._poll)\n            if time.time() > end_time:\n                break\n>       raise TimeoutException(message, screen, stacktrace)\nE       selenium.common.exceptions.TimeoutException: Message:\n\n..\\venv\\lib\\site-packages\\selenium\\webdriver\\support\\wait.py:80: TimeoutException"}, "description": "æµ‹è¯• http://10.10.128.152:10053/personal/set/certification ä¸ªäººå®åè®¤è¯", "attachments": [{"name": "log", "source": "40ccc394-30f2-4151-9357-140adee0efbd-attachment.txt", "type": "text/plain"}, {"name": "stdout", "source": "5c174c34-4ea4-4df7-8802-300ad5c59def-attachment.txt", "type": "text/plain"}, {"name": "stderr", "source": "51b0f237-38bc-408a-b231-d54dc2936938-attachment.txt", "type": "text/plain"}], "start": 1596697359323, "stop": 1596697410594, "uuid": "2846bb3e-f480-4ec3-aceb-ad0570d791dc", "historyId": "28dda5313ff182aeade3becf47df4372", "testCaseId": "9cbf013f05cb6ad37536fb98be3bcb37", "fullName": "test_flow.test_Authentication.test_personalInfoReg#test_infoReg", "labels": [{"name": "severity", "value": "blocker"}, {"name": "tag", "value": "run(order=1)"}, {"name": "parentSuite", "value": "test_flow.test_Authentication"}, {"name": "suite", "value": "test_personalInfoReg"}, {"name": "host", "value": "A02-03-00033"}, {"name": "thread", "value": "4060-MainThread"}, {"name": "framework", "value": "pytest"}, {"name": "language", "value": "cpython3"}, {"name": "package", "value": "test_flow.test_Authentication.test_personalInfoReg"}], "links": [{"type": "test_case", "url": "http://10.10.128.152:10053/personal/set/certification", "name": "ä¸ªäººå®åè®¤è¯ ğŸ‘‡"}]}